#
# There is insufficient memory for the Java Runtime Environment to continue.
# Native memory allocation (malloc) failed to allocate 1127056 bytes for Chunk::new
# Possible reasons:
#   The system is out of physical RAM or swap space
#   In 32 bit mode, the process size limit was hit
# Possible solutions:
#   Reduce memory load on the system
#   Increase physical memory or swap space
#   Check if swap backing store is full
#   Use 64 bit Java on a 64 bit OS
#   Decrease Java heap size (-Xmx/-Xms)
#   Decrease number of Java threads
#   Decrease Java thread stack sizes (-Xss)
#   Set larger code cache with -XX:ReservedCodeCacheSize=
# This output file may be truncated or incomplete.
#
#  Out of Memory Error (allocation.cpp:390), pid=5624, tid=0x000000000000276c
#
# JRE version: OpenJDK Runtime Environment (8.0_152-b06) (build 1.8.0_152-release-1136-b06)
# Java VM: OpenJDK 64-Bit Server VM (25.152-b06 mixed mode windows-amd64 compressed oops)
# Failed to write core dump. Minidumps are not enabled by default on client versions of Windows
#

---------------  T H R E A D  ---------------

Current thread (0x0000000015cc0800):  JavaThread "C2 CompilerThread1" daemon [_thread_in_native, id=10092, stack(0x0000000017410000,0x0000000017510000)]

Stack: [0x0000000017410000,0x0000000017510000]
[error occurred during error reporting (printing stack bounds), id 0xc0000005]

Native frames: (J=compiled Java code, j=interpreted, Vv=VM code, C=native code)


Current CompileTask:
C2: 513547 17981       4       com.android.tools.r8.ir.regalloc.LinearScanRegisterAllocator::addLiveRange (266 bytes)


---------------  P R O C E S S  ---------------

Java Threads: ( => current thread )
  0x000000001c87d800 JavaThread "ForkJoinPool.commonPool-worker-3" daemon [_thread_in_native, id=10148, stack(0x0000000027b70000,0x0000000027c70000)]
  0x000000001c87c800 JavaThread "ForkJoinPool.commonPool-worker-2" daemon [_thread_blocked, id=7156, stack(0x0000000027a70000,0x0000000027b70000)]
  0x000000001c87c000 JavaThread "ForkJoinPool.commonPool-worker-1" daemon [_thread_in_vm, id=196, stack(0x0000000027970000,0x0000000027a70000)]
  0x000000001c87b000 JavaThread "Cache worker for Java compile cache (C:\Users\Menna\Desktop\CoachesCorner-master\.gradle\4.6\javaCompile)" [_thread_blocked, id=2664, stack(0x0000000027870000,0x0000000027970000)]
  0x000000001c878000 JavaThread "Task worker for ':' Thread 3" [_thread_blocked, id=9996, stack(0x0000000027770000,0x0000000027870000)]
  0x000000001c870800 JavaThread "Task worker for ':' Thread 2" [_thread_blocked, id=9248, stack(0x0000000027670000,0x0000000027770000)]
  0x000000001c876800 JavaThread "Task worker for ':'" [_thread_blocked, id=2244, stack(0x0000000027570000,0x0000000027670000)]
  0x000000001c875800 JavaThread "Cache worker for Build Output Cleanup Cache (C:\Users\Menna\Desktop\CoachesCorner-master\.gradle\buildOutputCleanup)" [_thread_blocked, id=9084, stack(0x0000000027470000,0x0000000027570000)]
  0x000000001c86f000 JavaThread "Cache worker for task history cache (C:\Users\Menna\Desktop\CoachesCorner-master\.gradle\4.6\taskHistory)" [_thread_blocked, id=9348, stack(0x0000000027370000,0x0000000027470000)]
  0x000000001c872800 JavaThread "Cache worker for file content cache (C:\Users\Menna\Desktop\CoachesCorner-master\.gradle\4.6\fileContent)" [_thread_blocked, id=9364, stack(0x0000000027270000,0x0000000027370000)]
  0x000000001c873800 JavaThread "Build operations Thread 4" [_thread_blocked, id=9212, stack(0x0000000027170000,0x0000000027270000)]
  0x000000001c86f800 JavaThread "Build operations Thread 3" [_thread_blocked, id=2428, stack(0x0000000027070000,0x0000000027170000)]
  0x000000001c871000 JavaThread "Build operations Thread 2" [_thread_blocked, id=5728, stack(0x0000000026f70000,0x0000000027070000)]
  0x000000001c29c000 JavaThread "Build operations" [_thread_blocked, id=5536, stack(0x0000000026e70000,0x0000000026f70000)]
  0x000000001c2a9800 JavaThread "Cache worker for Artifact transforms cache (C:\Users\Menna\.gradle\caches\transforms-1)" [_thread_blocked, id=2096, stack(0x0000000026d70000,0x0000000026e70000)]
  0x000000001c2a9000 JavaThread "Cache worker for file hash cache (C:\Users\Menna\Desktop\CoachesCorner-master\.gradle\4.6\fileHashes)" [_thread_blocked, id=6736, stack(0x0000000026c70000,0x0000000026d70000)]
  0x000000001c29f000 JavaThread "Asynchronous log dispatcher for DefaultDaemonConnection: socket connection from /127.0.0.1:50731 to /127.0.0.1:50801" [_thread_blocked, id=1656, stack(0x0000000026a70000,0x0000000026b70000)]
  0x000000001c2a5000 JavaThread "Daemon worker Thread 3" [_thread_blocked, id=4656, stack(0x0000000026970000,0x0000000026a70000)]
  0x000000001c2a3800 JavaThread "Cancel handler" [_thread_blocked, id=6000, stack(0x0000000026870000,0x0000000026970000)]
  0x000000001c2a2800 JavaThread "Handler for socket connection from /127.0.0.1:50731 to /127.0.0.1:50801" [_thread_in_native, id=9980, stack(0x0000000026770000,0x0000000026870000)]
  0x000000001c2a5800 JavaThread "Daemon Thread 3" [_thread_blocked, id=1152, stack(0x0000000026670000,0x0000000026770000)]
  0x000000001c2a7000 JavaThread "pool-1-thread-1" [_thread_blocked, id=7280, stack(0x0000000021a50000,0x0000000021b50000)]
  0x000000001c29d800 JavaThread "Memory manager" [_thread_blocked, id=8212, stack(0x00000000208b0000,0x00000000209b0000)]
  0x0000000019178000 JavaThread "File lock request listener" [_thread_in_native, id=8964, stack(0x000000001a760000,0x000000001a860000)]
  0x0000000018f7e000 JavaThread "Cache worker for file hash cache (C:\Users\Menna\.gradle\caches\4.6\fileHashes)" [_thread_blocked, id=5576, stack(0x000000001a660000,0x000000001a760000)]
  0x0000000018c77800 JavaThread "Daemon periodic checks" [_thread_blocked, id=6804, stack(0x0000000019b60000,0x0000000019c60000)]
  0x0000000018c68000 JavaThread "Incoming local TCP Connector on port 50731" [_thread_in_native, id=6592, stack(0x0000000019920000,0x0000000019a20000)]
  0x0000000015d1e800 JavaThread "Service Thread" daemon [_thread_blocked, id=5668, stack(0x0000000017a10000,0x0000000017b10000)]
  0x0000000015ccd800 JavaThread "C1 CompilerThread2" daemon [_thread_blocked, id=6544, stack(0x0000000017510000,0x0000000017610000)]
=>0x0000000015cc0800 JavaThread "C2 CompilerThread1" daemon [_thread_in_native, id=10092, stack(0x0000000017410000,0x0000000017510000)]
  0x0000000015cbd800 JavaThread "C2 CompilerThread0" daemon [_thread_in_native, id=8684, stack(0x0000000017310000,0x0000000017410000)]
  0x0000000015cc7000 JavaThread "Attach Listener" daemon [_thread_blocked, id=2632, stack(0x0000000017210000,0x0000000017310000)]
  0x0000000015cc6000 JavaThread "Signal Dispatcher" daemon [_thread_blocked, id=2612, stack(0x0000000017110000,0x0000000017210000)]
  0x000000000234d000 JavaThread "Finalizer" daemon [_thread_blocked, id=7608, stack(0x0000000016f20000,0x0000000017020000)]
  0x0000000002342000 JavaThread "Reference Handler" daemon [_thread_blocked, id=2600, stack(0x0000000016e20000,0x0000000016f20000)]
  0x000000000214d800 JavaThread "main" [_thread_blocked, id=9080, stack(0x0000000002150000,0x0000000002250000)]

Other Threads:
  0x0000000015c85800 VMThread [stack: 0x0000000016d20000,0x0000000016e20000] [id=928]
  0x0000000017639800 WatcherThread [stack: 0x0000000017b10000,0x0000000017c10000] [id=6056]

VM state:not at safepoint (normal execution)

VM Mutex/Monitor currently owned by a thread: None

Heap:
 PSYoungGen      total 217600K, used 46721K [0x00000000e0000000, 0x00000000f1100000, 0x0000000100000000)
  eden space 173056K, 3% used [0x00000000e0000000,0x00000000e05535e8,0x00000000ea900000)
  from space 44544K, 92% used [0x00000000eda80000,0x00000000f02cd140,0x00000000f0600000)
  to   space 50688K, 0% used [0x00000000ea900000,0x00000000ea900000,0x00000000eda80000)
 ParOldGen       total 172032K, used 94827K [0x00000000a0000000, 0x00000000aa800000, 0x00000000e0000000)
  object space 172032K, 55% used [0x00000000a0000000,0x00000000a5c9ad30,0x00000000aa800000)
 Metaspace       used 88902K, capacity 92894K, committed 93056K, reserved 1130496K
  class space    used 11339K, capacity 12316K, committed 12416K, reserved 1048576K

Card table byte_map: [0x0000000011710000,0x0000000011a20000] byte_map_base: 0x0000000011210000

Marking Bits: (ParMarkBitMap*) 0x000000005a9d5aa0
 Begin Bits: [0x0000000012020000, 0x0000000013820000)
 End Bits:   [0x0000000013820000, 0x0000000015020000)

Polling page: 0x00000000005a0000

CodeCache: size=245760Kb used=51660Kb max_used=51660Kb free=194099Kb
 bounds [0x0000000002350000, 0x0000000005610000, 0x0000000011350000]
 total_blobs=15594 nmethods=14730 adapters=774
 compilation: enabled

Compilation events (10 events):
Event: 513.269 Thread 0x0000000015ccd800 18349       2       com.android.tools.r8.ir.code.Value::getConstInstruction (29 bytes)
Event: 513.269 Thread 0x0000000015ccd800 nmethod 18349 0x00000000055f76d0 code [0x00000000055f7840, 0x00000000055f79c8]
Event: 513.271 Thread 0x0000000015ccd800 18351       1       com.android.tools.r8.ir.code.ConstString::isOutConstant (2 bytes)
Event: 513.271 Thread 0x0000000015ccd800 nmethod 18351 0x00000000055f7a50 code [0x00000000055f7ba0, 0x00000000055f7cb0]
Event: 513.271 Thread 0x0000000015ccd800 18352       2       com.android.tools.r8.ir.regalloc.SpillMoveSet::<init> (118 bytes)
Event: 513.273 Thread 0x0000000015ccd800 nmethod 18352 0x00000000055f7d10 code [0x00000000055f7f20, 0x00000000055f8758]
Event: 513.274 Thread 0x0000000015ccd800 18353       2       com.android.tools.r8.ir.code.Return::returnValue (35 bytes)
Event: 513.274 Thread 0x0000000015ccd800 nmethod 18353 0x00000000055f8f90 code [0x00000000055f9100, 0x00000000055f92a8]
Event: 513.275 Thread 0x0000000015ccd800 18354       2       com.android.tools.r8.ir.conversion.JarSourceCode::buildPrelude (624 bytes)
Event: 513.302 Thread 0x0000000015ccd800 nmethod 18354 0x00000000055f9350 code [0x00000000055f9820, 0x00000000055fae78]

GC Heap History (10 events):
Event: 463.219 GC heap before
{Heap before GC invocations=30 (full 3):
 PSYoungGen      total 157184K, used 157180K [0x00000000e0000000, 0x00000000ebe00000, 0x0000000100000000)
  eden space 137216K, 100% used [0x00000000e0000000,0x00000000e8600000,0x00000000e8600000)
  from space 19968K, 99% used [0x00000000eaa00000,0x00000000ebd7f268,0x00000000ebd80000)
  to   space 28672K, 0% used [0x00000000e8600000,0x00000000e8600000,0x00000000ea200000)
 ParOldGen       total 83968K, used 68969K [0x00000000a0000000, 0x00000000a5200000, 0x00000000e0000000)
  object space 83968K, 82% used [0x00000000a0000000,0x00000000a435a4f0,0x00000000a5200000)
 Metaspace       used 79269K, capacity 82616K, committed 82816K, reserved 1120256K
  class space    used 10193K, capacity 11039K, committed 11136K, reserved 1048576K
Event: 463.351 GC heap after
Heap after GC invocations=30 (full 3):
 PSYoungGen      total 165888K, used 28645K [0x00000000e0000000, 0x00000000eec80000, 0x0000000100000000)
  eden space 137216K, 0% used [0x00000000e0000000,0x00000000e0000000,0x00000000e8600000)
  from space 28672K, 99% used [0x00000000e8600000,0x00000000ea1f96d8,0x00000000ea200000)
  to   space 41984K, 0% used [0x00000000ec380000,0x00000000ec380000,0x00000000eec80000)
 ParOldGen       total 93696K, used 93285K [0x00000000a0000000, 0x00000000a5b80000, 0x00000000e0000000)
  object space 93696K, 99% used [0x00000000a0000000,0x00000000a5b195b0,0x00000000a5b80000)
 Metaspace       used 79269K, capacity 82616K, committed 82816K, reserved 1120256K
  class space    used 10193K, capacity 11039K, committed 11136K, reserved 1048576K
}
Event: 463.351 GC heap before
{Heap before GC invocations=31 (full 4):
 PSYoungGen      total 165888K, used 28645K [0x00000000e0000000, 0x00000000eec80000, 0x0000000100000000)
  eden space 137216K, 0% used [0x00000000e0000000,0x00000000e0000000,0x00000000e8600000)
  from space 28672K, 99% used [0x00000000e8600000,0x00000000ea1f96d8,0x00000000ea200000)
  to   space 41984K, 0% used [0x00000000ec380000,0x00000000ec380000,0x00000000eec80000)
 ParOldGen       total 93696K, used 93285K [0x00000000a0000000, 0x00000000a5b80000, 0x00000000e0000000)
  object space 93696K, 99% used [0x00000000a0000000,0x00000000a5b195b0,0x00000000a5b80000)
 Metaspace       used 79269K, capacity 82616K, committed 82816K, reserved 1120256K
  class space    used 10193K, capacity 11039K, committed 11136K, reserved 1048576K
Event: 464.191 GC heap after
Heap after GC invocations=31 (full 4):
 PSYoungGen      total 165888K, used 17668K [0x00000000e0000000, 0x00000000eec80000, 0x0000000100000000)
  eden space 137216K, 0% used [0x00000000e0000000,0x00000000e0000000,0x00000000e8600000)
  from space 28672K, 61% used [0x00000000e8600000,0x00000000e9741188,0x00000000ea200000)
  to   space 41984K, 0% used [0x00000000ec380000,0x00000000ec380000,0x00000000eec80000)
 ParOldGen       total 172032K, used 93278K [0x00000000a0000000, 0x00000000aa800000, 0x00000000e0000000)
  object space 172032K, 54% used [0x00000000a0000000,0x00000000a5b178c8,0x00000000aa800000)
 Metaspace       used 79269K, capacity 82616K, committed 82816K, reserved 1120256K
  class space    used 10193K, capacity 11039K, committed 11136K, reserved 1048576K
}
Event: 479.673 GC heap before
{Heap before GC invocations=32 (full 4):
 PSYoungGen      total 165888K, used 154884K [0x00000000e0000000, 0x00000000eec80000, 0x0000000100000000)
  eden space 137216K, 100% used [0x00000000e0000000,0x00000000e8600000,0x00000000e8600000)
  from space 28672K, 61% used [0x00000000e8600000,0x00000000e9741188,0x00000000ea200000)
  to   space 41984K, 0% used [0x00000000ec380000,0x00000000ec380000,0x00000000eec80000)
 ParOldGen       total 172032K, used 93278K [0x00000000a0000000, 0x00000000aa800000, 0x00000000e0000000)
  object space 172032K, 54% used [0x00000000a0000000,0x00000000a5b178c8,0x00000000aa800000)
 Metaspace       used 80063K, capacity 83416K, committed 83584K, reserved 1122304K
  class space    used 10223K, capacity 11071K, committed 11136K, reserved 1048576K
Event: 479.730 GC heap after
Heap after GC invocations=32 (full 4):
 PSYoungGen      total 199680K, used 23281K [0x00000000e0000000, 0x00000000eed80000, 0x0000000100000000)
  eden space 157696K, 0% used [0x00000000e0000000,0x00000000e0000000,0x00000000e9a00000)
  from space 41984K, 55% used [0x00000000ec380000,0x00000000eda3c538,0x00000000eec80000)
  to   space 42496K, 0% used [0x00000000e9a00000,0x00000000e9a00000,0x00000000ec380000)
 ParOldGen       total 172032K, used 93382K [0x00000000a0000000, 0x00000000aa800000, 0x00000000e0000000)
  object space 172032K, 54% used [0x00000000a0000000,0x00000000a5b318f8,0x00000000aa800000)
 Metaspace       used 80063K, capacity 83416K, committed 83584K, reserved 1122304K
  class space    used 10223K, capacity 11071K, committed 11136K, reserved 1048576K
}
Event: 493.100 GC heap before
{Heap before GC invocations=33 (full 4):
 PSYoungGen      total 199680K, used 180977K [0x00000000e0000000, 0x00000000eed80000, 0x0000000100000000)
  eden space 157696K, 100% used [0x00000000e0000000,0x00000000e9a00000,0x00000000e9a00000)
  from space 41984K, 55% used [0x00000000ec380000,0x00000000eda3c538,0x00000000eec80000)
  to   space 42496K, 0% used [0x00000000e9a00000,0x00000000e9a00000,0x00000000ec380000)
 ParOldGen       total 172032K, used 93382K [0x00000000a0000000, 0x00000000aa800000, 0x00000000e0000000)
  object space 172032K, 54% used [0x00000000a0000000,0x00000000a5b318f8,0x00000000aa800000)
 Metaspace       used 80071K, capacity 83422K, committed 83584K, reserved 1122304K
  class space    used 10224K, capacity 11072K, committed 11136K, reserved 1048576K
Event: 493.139 GC heap after
Heap after GC invocations=33 (full 4):
 PSYoungGen      total 200192K, used 29747K [0x00000000e0000000, 0x00000000f0600000, 0x0000000100000000)
  eden space 157696K, 0% used [0x00000000e0000000,0x00000000e0000000,0x00000000e9a00000)
  from space 42496K, 69% used [0x00000000e9a00000,0x00000000eb70ccc8,0x00000000ec380000)
  to   space 44544K, 0% used [0x00000000eda80000,0x00000000eda80000,0x00000000f0600000)
 ParOldGen       total 172032K, used 94819K [0x00000000a0000000, 0x00000000aa800000, 0x00000000e0000000)
  object space 172032K, 55% used [0x00000000a0000000,0x00000000a5c98d30,0x00000000aa800000)
 Metaspace       used 80071K, capacity 83422K, committed 83584K, reserved 1122304K
  class space    used 10224K, capacity 11072K, committed 11136K, reserved 1048576K
}
Event: 512.977 GC heap before
{Heap before GC invocations=34 (full 4):
 PSYoungGen      total 200192K, used 187443K [0x00000000e0000000, 0x00000000f0600000, 0x0000000100000000)
  eden space 157696K, 100% used [0x00000000e0000000,0x00000000e9a00000,0x00000000e9a00000)
  from space 42496K, 69% used [0x00000000e9a00000,0x00000000eb70ccc8,0x00000000ec380000)
  to   space 44544K, 0% used [0x00000000eda80000,0x00000000eda80000,0x00000000f0600000)
 ParOldGen       total 172032K, used 94819K [0x00000000a0000000, 0x00000000aa800000, 0x00000000e0000000)
  object space 172032K, 55% used [0x00000000a0000000,0x00000000a5c98d30,0x00000000aa800000)
 Metaspace       used 88836K, capacity 92814K, committed 93056K, reserved 1130496K
  class space    used 11328K, capacity 12314K, committed 12416K, reserved 1048576K
Event: 513.093 GC heap after
Heap after GC invocations=34 (full 4):
 PSYoungGen      total 217600K, used 41268K [0x00000000e0000000, 0x00000000f1100000, 0x0000000100000000)
  eden space 173056K, 0% used [0x00000000e0000000,0x00000000e0000000,0x00000000ea900000)
  from space 44544K, 92% used [0x00000000eda80000,0x00000000f02cd140,0x00000000f0600000)
  to   space 50688K, 0% used [0x00000000ea900000,0x00000000ea900000,0x00000000eda80000)
 ParOldGen       total 172032K, used 94827K [0x00000000a0000000, 0x00000000aa800000, 0x00000000e0000000)
  object space 172032K, 55% used [0x00000000a0000000,0x00000000a5c9ad30,0x00000000aa800000)
 Metaspace       used 88836K, capacity 92814K, committed 93056K, reserved 1130496K
  class space    used 11328K, capacity 12314K, committed 12416K, reserved 1048576K
}

Deoptimization events (10 events):
Event: 511.865 Thread 0x000000001c87d800 Uncommon trap: reason=class_check action=maybe_recompile pc=0x000000000528dcc4 method=com.android.tools.r8.ir.code.CatchHandlers.size()I @ 39
Event: 512.053 Thread 0x000000001c87c800 Uncommon trap: reason=range_check action=make_not_entrant pc=0x000000000537135c method=com.android.tools.r8.org.objectweb.asm.Type.getType([CI)Lcom/android/tools/r8/org/objectweb/asm/Type; @ 2
Event: 512.943 Thread 0x000000001c87c000 Uncommon trap: reason=class_check action=maybe_recompile pc=0x0000000005594b2c method=com.android.tools.r8.ir.conversion.JarState.recordStateForTarget(I[Lcom/android/tools/r8/ir/conversion/JarState$Local;Lcom/android/tools/r8/com/google/common/collect/Imm
Event: 512.957 Thread 0x000000001c87c000 Uncommon trap: reason=unstable_if action=reinterpret pc=0x00000000051b742c method=com.android.tools.r8.ir.conversion.JarState$Slot.isCategory1(Lcom/android/tools/r8/org/objectweb/asm/Type;)Z @ 4
Event: 512.957 Thread 0x000000001c87c000 Uncommon trap: reason=unstable_if action=reinterpret pc=0x000000000533b248 method=com.android.tools.r8.ir.conversion.JarState$Slot.isCategory1(Lcom/android/tools/r8/org/objectweb/asm/Type;)Z @ 4
Event: 512.957 Thread 0x000000001c87c000 Uncommon trap: reason=unstable_if action=reinterpret pc=0x00000000052d515c method=com.android.tools.r8.ir.conversion.JarState$Slot.isCategory1(Lcom/android/tools/r8/org/objectweb/asm/Type;)Z @ 4
Event: 512.958 Thread 0x000000001c87c000 Uncommon trap: reason=unstable_if action=reinterpret pc=0x0000000005301be4 method=com.android.tools.r8.ir.conversion.JarState$Slot.isCategory1(Lcom/android/tools/r8/org/objectweb/asm/Type;)Z @ 4
Event: 512.958 Thread 0x000000001c87c000 Uncommon trap: reason=unstable_if action=reinterpret pc=0x00000000052b0f5c method=com.android.tools.r8.ir.conversion.JarState$Slot.isCategory1(Lcom/android/tools/r8/org/objectweb/asm/Type;)Z @ 4
Event: 512.959 Thread 0x000000001c87c000 Uncommon trap: reason=unstable_if action=reinterpret pc=0x00000000053efec0 method=com.android.tools.r8.ir.conversion.JarState$Slot.isCategory1(Lcom/android/tools/r8/org/objectweb/asm/Type;)Z @ 4
Event: 512.965 Thread 0x000000001c87c000 Uncommon trap: reason=unstable_if action=reinterpret pc=0x0000000005419f3c method=com.android.tools.r8.ir.optimize.MoveEliminator.shouldBeEliminated(Lcom/android/tools/r8/ir/code/Instruction;)Z @ 133

Classes redefined (0 events):
No events

Internal exceptions (10 events):
Event: 502.404 Thread 0x000000001c876800 Exception <a 'sun/nio/fs/WindowsException'> (0x00000000e464dd90) thrown at [D:\src\AOSP-openjdk-cygwin\jdk8u\hotspot\src\share\vm\prims\jni.cpp, line 709]
Event: 502.417 Thread 0x000000001c876800 Exception <a 'sun/nio/fs/WindowsException'> (0x00000000e4678648) thrown at [D:\src\AOSP-openjdk-cygwin\jdk8u\hotspot\src\share\vm\prims\jni.cpp, line 709]
Event: 502.418 Thread 0x000000001c876800 Exception <a 'sun/nio/fs/WindowsException'> (0x00000000e4679198) thrown at [D:\src\AOSP-openjdk-cygwin\jdk8u\hotspot\src\share\vm\prims\jni.cpp, line 709]
Event: 502.418 Thread 0x000000001c876800 Exception <a 'sun/nio/fs/WindowsException'> (0x00000000e467a700) thrown at [D:\src\AOSP-openjdk-cygwin\jdk8u\hotspot\src\share\vm\prims\jni.cpp, line 709]
Event: 502.514 Thread 0x000000001c876800 Exception <a 'sun/nio/fs/WindowsException'> (0x00000000e46a5db8) thrown at [D:\src\AOSP-openjdk-cygwin\jdk8u\hotspot\src\share\vm\prims\jni.cpp, line 709]
Event: 502.514 Thread 0x000000001c876800 Exception <a 'sun/nio/fs/WindowsException'> (0x00000000e46a6908) thrown at [D:\src\AOSP-openjdk-cygwin\jdk8u\hotspot\src\share\vm\prims\jni.cpp, line 709]
Event: 502.514 Thread 0x000000001c876800 Exception <a 'sun/nio/fs/WindowsException'> (0x00000000e46a7e70) thrown at [D:\src\AOSP-openjdk-cygwin\jdk8u\hotspot\src\share\vm\prims\jni.cpp, line 709]
Event: 502.568 Thread 0x000000001c876800 Exception <a 'sun/nio/fs/WindowsException'> (0x00000000e46d3058) thrown at [D:\src\AOSP-openjdk-cygwin\jdk8u\hotspot\src\share\vm\prims\jni.cpp, line 709]
Event: 502.568 Thread 0x000000001c876800 Exception <a 'sun/nio/fs/WindowsException'> (0x00000000e46d3ba8) thrown at [D:\src\AOSP-openjdk-cygwin\jdk8u\hotspot\src\share\vm\prims\jni.cpp, line 709]
Event: 502.568 Thread 0x000000001c876800 Exception <a 'sun/nio/fs/WindowsException'> (0x00000000e46d5110) thrown at [D:\src\AOSP-openjdk-cygwin\jdk8u\hotspot\src\share\vm\prims\jni.cpp, line 709]

Events (10 events):
Event: 513.113 loading class com/android/tools/r8/code/RemIntLit16
Event: 513.113 loading class com/android/tools/r8/code/RemIntLit16 done
Event: 513.220 Executing VM operation: RevokeBias
Event: 513.222 Executing VM operation: RevokeBias done
Event: 513.222 Executing VM operation: RevokeBias
Event: 513.222 Executing VM operation: RevokeBias done
Event: 513.222 Executing VM operation: RevokeBias
Event: 513.222 Executing VM operation: RevokeBias done
Event: 513.252 loading class com/android/tools/r8/ir/conversion/DexBuilder$FillArrayDataInfo
Event: 513.252 loading class com/android/tools/r8/ir/conversion/DexBuilder$FillArrayDataInfo done


Dynamic libraries:
0x00007ff6370f0000 - 0x00007ff637121000 	C:\Program Files\Android\Android Studio\jre\bin\java.exe
0x00007ffd28d80000 - 0x00007ffd28f61000 	C:\WINDOWS\SYSTEM32\ntdll.dll
0x00007ffd13960000 - 0x00007ffd13974000 	C:\Program Files\AVAST Software\Avast\x64\aswhooka.dll
0x00007ffd26b10000 - 0x00007ffd26bc2000 	C:\WINDOWS\System32\KERNEL32.DLL
0x00007ffd25b00000 - 0x00007ffd25d73000 	C:\WINDOWS\System32\KERNELBASE.dll
0x00007ffd28190000 - 0x00007ffd28231000 	C:\WINDOWS\System32\ADVAPI32.dll
0x00007ffd286d0000 - 0x00007ffd2876e000 	C:\WINDOWS\System32\msvcrt.dll
0x00007ffd282a0000 - 0x00007ffd282fb000 	C:\WINDOWS\System32\sechost.dll
0x00007ffd28330000 - 0x00007ffd28454000 	C:\WINDOWS\System32\RPCRT4.dll
0x00007ffd28470000 - 0x00007ffd28600000 	C:\WINDOWS\System32\USER32.dll
0x00007ffd25250000 - 0x00007ffd25270000 	C:\WINDOWS\System32\win32u.dll
0x00007ffd28300000 - 0x00007ffd28328000 	C:\WINDOWS\System32\GDI32.dll
0x00007ffd26010000 - 0x00007ffd261a2000 	C:\WINDOWS\System32\gdi32full.dll
0x00007ffd25f70000 - 0x00007ffd2600f000 	C:\WINDOWS\System32\msvcp_win.dll
0x00007ffd25150000 - 0x00007ffd2524a000 	C:\WINDOWS\System32\ucrtbase.dll
0x00007ffd14f40000 - 0x00007ffd151a9000 	C:\WINDOWS\WinSxS\amd64_microsoft.windows.common-controls_6595b64144ccf1df_6.0.17134.376_none_fb439a3730647da2\COMCTL32.dll
0x00007ffd28a20000 - 0x00007ffd28d43000 	C:\WINDOWS\System32\combase.dll
0x00007ffd25a30000 - 0x00007ffd25aaa000 	C:\WINDOWS\System32\bcryptPrimitives.dll
0x00007ffd26ae0000 - 0x00007ffd26b0d000 	C:\WINDOWS\System32\IMM32.DLL
0x000000005a050000 - 0x000000005a122000 	C:\Program Files\Android\Android Studio\jre\jre\bin\msvcr100.dll
0x000000005a210000 - 0x000000005aa51000 	C:\Program Files\Android\Android Studio\jre\jre\bin\server\jvm.dll
0x00007ffd28880000 - 0x00007ffd28888000 	C:\WINDOWS\System32\PSAPI.DLL
0x00007ffd215d0000 - 0x00007ffd215d9000 	C:\WINDOWS\SYSTEM32\WSOCK32.dll
0x00007ffd28770000 - 0x00007ffd287dc000 	C:\WINDOWS\System32\WS2_32.dll
0x00007ffd23400000 - 0x00007ffd23423000 	C:\WINDOWS\SYSTEM32\WINMM.dll
0x00007ffd16a80000 - 0x00007ffd16a8a000 	C:\WINDOWS\SYSTEM32\VERSION.dll
0x00007ffd232e0000 - 0x00007ffd2330a000 	C:\WINDOWS\SYSTEM32\WINMMBASE.dll
0x00007ffd25ab0000 - 0x00007ffd25af9000 	C:\WINDOWS\System32\cfgmgr32.dll
0x00007ffd1fe30000 - 0x00007ffd1fe3f000 	C:\Program Files\Android\Android Studio\jre\jre\bin\verify.dll
0x00007ffd0cff0000 - 0x00007ffd0d019000 	C:\Program Files\Android\Android Studio\jre\jre\bin\java.dll
0x00007ffd1ba10000 - 0x00007ffd1ba26000 	C:\Program Files\Android\Android Studio\jre\jre\bin\zip.dll
0x00007ffd26d50000 - 0x00007ffd2818f000 	C:\WINDOWS\System32\SHELL32.dll
0x00007ffd28910000 - 0x00007ffd289b9000 	C:\WINDOWS\System32\shcore.dll
0x00007ffd25270000 - 0x00007ffd2597d000 	C:\WINDOWS\System32\windows.storage.dll
0x00007ffd28890000 - 0x00007ffd288e1000 	C:\WINDOWS\System32\shlwapi.dll
0x00007ffd250b0000 - 0x00007ffd250c1000 	C:\WINDOWS\System32\kernel.appcore.dll
0x00007ffd25130000 - 0x00007ffd2514f000 	C:\WINDOWS\System32\profapi.dll
0x00007ffd250e0000 - 0x00007ffd2512c000 	C:\WINDOWS\System32\powrprof.dll
0x00007ffd250d0000 - 0x00007ffd250da000 	C:\WINDOWS\System32\FLTLIB.DLL
0x00007ffd1a020000 - 0x00007ffd1a03a000 	C:\Program Files\Android\Android Studio\jre\jre\bin\net.dll
0x00007ffd24910000 - 0x00007ffd24976000 	C:\WINDOWS\system32\mswsock.dll
0x00007ffd195d0000 - 0x00007ffd195e1000 	C:\Program Files\Android\Android Studio\jre\jre\bin\nio.dll
0x00007ffd22260000 - 0x00007ffd2227e000 	C:\Users\Menna\.gradle\native\25\windows-amd64\native-platform.dll
0x00007ffd1e890000 - 0x00007ffd1e89d000 	C:\Program Files\Android\Android Studio\jre\jre\bin\management.dll
0x00007ffd24ac0000 - 0x00007ffd24ad7000 	C:\WINDOWS\SYSTEM32\CRYPTSP.dll
0x00007ffd24490000 - 0x00007ffd244c3000 	C:\WINDOWS\system32\rsaenh.dll
0x00007ffd24bf0000 - 0x00007ffd24c15000 	C:\WINDOWS\SYSTEM32\bcrypt.dll
0x00007ffd24fc0000 - 0x00007ffd24fe8000 	C:\WINDOWS\SYSTEM32\USERENV.dll
0x00007ffd24ae0000 - 0x00007ffd24aeb000 	C:\WINDOWS\SYSTEM32\CRYPTBASE.dll
0x00007ffd24690000 - 0x00007ffd246c8000 	C:\WINDOWS\SYSTEM32\IPHLPAPI.DLL
0x00007ffd26ad0000 - 0x00007ffd26ad8000 	C:\WINDOWS\System32\NSI.dll
0x00007ffd1ed50000 - 0x00007ffd1ed66000 	C:\WINDOWS\SYSTEM32\dhcpcsvc6.DLL
0x00007ffd1eeb0000 - 0x00007ffd1eeca000 	C:\WINDOWS\SYSTEM32\dhcpcsvc.DLL
0x00007ffd24180000 - 0x00007ffd241b1000 	C:\WINDOWS\SYSTEM32\ntmarta.dll

VM Arguments:
jvm_args: -Xmx1536m -Dfile.encoding=windows-1252 -Duser.country=US -Duser.language=en -Duser.variant 
java_command: org.gradle.launcher.daemon.bootstrap.GradleDaemon 4.6
java_class_path (initial): C:\Users\Menna\.gradle\wrapper\dists\gradle-4.6-all\bcst21l2brirad8k2ben1letg\gradle-4.6\lib\gradle-launcher-4.6.jar
Launcher Type: SUN_STANDARD

Environment Variables:
PATH=C:\ProgramData\Oracle\Java\javapath;C:\WINDOWS\system32;C:\WINDOWS;C:\WINDOWS\System32\Wbem;C:\WINDOWS\System32\WindowsPowerShell\v1.0\;C:\WINDOWS\System32\OpenSSH\;C:\Program Files\Git\cmd;C:\Users\Menna\AppData\Local\Microsoft\WindowsApps;C:\Users\Menna\AppData\Local\Google\Cloud SDK\google-cloud-sdk\bin
USERNAME=Menna
OS=Windows_NT
PROCESSOR_IDENTIFIER=Intel64 Family 6 Model 42 Stepping 7, GenuineIntel



---------------  S Y S T E M  ---------------

OS: Windows 10.0 , 64 bit Build 17134 (10.0.17134.1)

CPU:total 4 (initial active 4) (2 cores per cpu, 2 threads per core) family 6 model 42 stepping 7, cmov, cx8, fxsr, mmx, sse, sse2, sse3, ssse3, sse4.1, sse4.2, popcnt, avx, aes, clmul, ht, tsc, tscinvbit

Memory: 4k page, physical 4088760k(267196k free), swap 4088760k(4212k free)

vm_info: OpenJDK 64-Bit Server VM (25.152-b06) for windows-amd64 JRE (1.8.0_152-release-1136-b06), built by "builder" with MS VC++ 10.0 (VS2010)

time: Sat Nov 03 17:22:51 2018
elapsed time: 513 seconds (0d 0h 8m 33s)

