#
# There is insufficient memory for the Java Runtime Environment to continue.
# Native memory allocation (malloc) failed to allocate 1342656 bytes for Chunk::new
# Possible reasons:
#   The system is out of physical RAM or swap space
#   In 32 bit mode, the process size limit was hit
# Possible solutions:
#   Reduce memory load on the system
#   Increase physical memory or swap space
#   Check if swap backing store is full
#   Use 64 bit Java on a 64 bit OS
#   Decrease Java heap size (-Xmx/-Xms)
#   Decrease number of Java threads
#   Decrease Java thread stack sizes (-Xss)
#   Set larger code cache with -XX:ReservedCodeCacheSize=
# This output file may be truncated or incomplete.
#
#  Out of Memory Error (allocation.cpp:390), pid=6604, tid=0x00000000000024c8
#
# JRE version: OpenJDK Runtime Environment (8.0_152-b06) (build 1.8.0_152-release-1136-b06)
# Java VM: OpenJDK 64-Bit Server VM (25.152-b06 mixed mode windows-amd64 compressed oops)
# Failed to write core dump. Minidumps are not enabled by default on client versions of Windows
#

---------------  T H R E A D  ---------------

Current thread (0x000000001698c800):  JavaThread "C2 CompilerThread1" daemon [_thread_in_native, id=9416, stack(0x00000000180e0000,0x00000000181e0000)]

Stack: [0x00000000180e0000,0x00000000181e0000]
[error occurred during error reporting (printing stack bounds), id 0xc0000005]

Native frames: (J=compiled Java code, j=interpreted, Vv=VM code, C=native code)


Current CompileTask:
C2: 112513 14493       4       com.android.tools.r8.ir.optimize.ConstantCanonicalizer::canonicalize (239 bytes)


---------------  P R O C E S S  ---------------

Java Threads: ( => current thread )
  0x000000001bcf9800 JavaThread "ForkJoinPool.commonPool-worker-0" daemon [_thread_in_Java, id=3192, stack(0x00000000244a0000,0x00000000245a0000)]
  0x000000001bcfe000 JavaThread "ForkJoinPool.commonPool-worker-3" daemon [_thread_in_Java, id=32, stack(0x00000000243a0000,0x00000000244a0000)]
  0x000000001bcfc800 JavaThread "ForkJoinPool.commonPool-worker-2" daemon [_thread_in_Java, id=7828, stack(0x00000000242a0000,0x00000000243a0000)]
  0x000000001bcfb000 JavaThread "stdout" [_thread_in_native, id=7300, stack(0x0000000023ca0000,0x0000000023da0000)]
  0x000000001bd00800 JavaThread "stderr" [_thread_in_native, id=8072, stack(0x0000000023ba0000,0x0000000023ca0000)]
  0x000000001bcfc000 JavaThread "pool-3-thread-1" [_thread_blocked, id=4908, stack(0x0000000023650000,0x0000000023750000)]
  0x0000000018c10800 JavaThread "Task worker for ':' Thread 3" [_thread_blocked, id=5084, stack(0x0000000023550000,0x0000000023650000)]
  0x0000000018c13800 JavaThread "Task worker for ':' Thread 2" [_thread_blocked, id=2308, stack(0x0000000023450000,0x0000000023550000)]
  0x0000000018c15800 JavaThread "Task worker for ':'" [_thread_blocked, id=9432, stack(0x0000000023350000,0x0000000023450000)]
  0x0000000018c0f800 JavaThread "Cache worker for Build Output Cleanup Cache (C:\Users\Menna\Desktop\CoachesCorner-master\.gradle\buildOutputCleanup)" [_thread_blocked, id=10076, stack(0x0000000023250000,0x0000000023350000)]
  0x0000000018c14000 JavaThread "Cache worker for task history cache (C:\Users\Menna\Desktop\CoachesCorner-master\.gradle\4.6\taskHistory)" [_thread_blocked, id=272, stack(0x0000000023150000,0x0000000023250000)]
  0x0000000018c12000 JavaThread "Cache worker for file content cache (C:\Users\Menna\Desktop\CoachesCorner-master\.gradle\4.6\fileContent)" [_thread_blocked, id=7876, stack(0x0000000021c30000,0x0000000021d30000)]
  0x0000000018c12800 JavaThread "Memory manager" [_thread_blocked, id=8900, stack(0x0000000021130000,0x0000000021230000)]
  0x0000000019e47000 JavaThread "Build operations Thread 4" [_thread_blocked, id=10132, stack(0x0000000020c30000,0x0000000020d30000)]
  0x0000000019e46000 JavaThread "Build operations Thread 3" [_thread_blocked, id=516, stack(0x0000000020b30000,0x0000000020c30000)]
  0x0000000019e45800 JavaThread "Build operations Thread 2" [_thread_blocked, id=7776, stack(0x0000000020a30000,0x0000000020b30000)]
  0x0000000019e44000 JavaThread "Build operations" [_thread_blocked, id=9524, stack(0x0000000020680000,0x0000000020780000)]
  0x0000000019e44800 JavaThread "Cache worker for Artifact transforms cache (C:\Users\Menna\.gradle\caches\transforms-1)" [_thread_blocked, id=6152, stack(0x000000001dbd0000,0x000000001dcd0000)]
  0x0000000019e41000 JavaThread "Cache worker for file hash cache (C:\Users\Menna\Desktop\CoachesCorner-master\.gradle\4.6\fileHashes)" [_thread_blocked, id=7188, stack(0x000000001c500000,0x000000001c600000)]
  0x0000000019e40000 JavaThread "File lock request listener" [_thread_in_native, id=8924, stack(0x000000001b430000,0x000000001b530000)]
  0x0000000019b0b000 JavaThread "Cache worker for file hash cache (C:\Users\Menna\.gradle\caches\4.6\fileHashes)" [_thread_blocked, id=1280, stack(0x000000001b330000,0x000000001b430000)]
  0x00000000199e8800 JavaThread "Asynchronous log dispatcher for DefaultDaemonConnection: socket connection from /127.0.0.1:50924 to /127.0.0.1:50925" [_thread_blocked, id=4360, stack(0x000000001af30000,0x000000001b030000)]
  0x00000000199df000 JavaThread "Daemon worker" [_thread_blocked, id=8932, stack(0x000000001ae30000,0x000000001af30000)]
  0x00000000199dd800 JavaThread "Cancel handler" [_thread_blocked, id=8440, stack(0x000000001ad30000,0x000000001ae30000)]
  0x0000000019697800 JavaThread "Handler for socket connection from /127.0.0.1:50924 to /127.0.0.1:50925" [_thread_in_native, id=2668, stack(0x000000001aa30000,0x000000001ab30000)]
  0x0000000019696000 JavaThread "Daemon" [_thread_blocked, id=9284, stack(0x000000001a930000,0x000000001aa30000)]
  0x000000001967e000 JavaThread "Daemon periodic checks" [_thread_blocked, id=8564, stack(0x000000001a830000,0x000000001a930000)]
  0x0000000019ad2000 JavaThread "Incoming local TCP Connector on port 50924" [_thread_in_native, id=7212, stack(0x000000001a5f0000,0x000000001a6f0000)]
  0x00000000169ee800 JavaThread "Service Thread" daemon [_thread_blocked, id=9652, stack(0x00000000186e0000,0x00000000187e0000)]
  0x000000001699b000 JavaThread "C1 CompilerThread2" daemon [_thread_blocked, id=2140, stack(0x00000000181e0000,0x00000000182e0000)]
=>0x000000001698c800 JavaThread "C2 CompilerThread1" daemon [_thread_in_native, id=9416, stack(0x00000000180e0000,0x00000000181e0000)]
  0x0000000016987800 JavaThread "C2 CompilerThread0" daemon [_thread_in_native, id=1388, stack(0x0000000017fe0000,0x00000000180e0000)]
  0x0000000016995800 JavaThread "Attach Listener" daemon [_thread_blocked, id=8472, stack(0x0000000017ee0000,0x0000000017fe0000)]
  0x0000000016994000 JavaThread "Signal Dispatcher" daemon [_thread_blocked, id=7320, stack(0x0000000017de0000,0x0000000017ee0000)]
  0x000000000301c000 JavaThread "Finalizer" daemon [_thread_blocked, id=3396, stack(0x0000000017bf0000,0x0000000017cf0000)]
  0x0000000003011000 JavaThread "Reference Handler" daemon [_thread_blocked, id=1408, stack(0x0000000017af0000,0x0000000017bf0000)]
  0x0000000002f1d800 JavaThread "main" [_thread_blocked, id=5252, stack(0x0000000002d20000,0x0000000002e20000)]

Other Threads:
  0x0000000016955800 VMThread [stack: 0x00000000179f0000,0x0000000017af0000] [id=9952]
  0x000000001830a800 WatcherThread [stack: 0x00000000187e0000,0x00000000188e0000] [id=6460]

VM state:not at safepoint (normal execution)

VM Mutex/Monitor currently owned by a thread: None

Heap:
 PSYoungGen      total 432128K, used 313813K [0x00000000e0000000, 0x00000000fb480000, 0x0000000100000000)
  eden space 417280K, 74% used [0x00000000e0000000,0x00000000f307bf70,0x00000000f9780000)
  from space 14848K, 13% used [0x00000000f9780000,0x00000000f9979820,0x00000000fa600000)
  to   space 10752K, 0% used [0x00000000faa00000,0x00000000faa00000,0x00000000fb480000)
 ParOldGen       total 92160K, used 42621K [0x00000000a0000000, 0x00000000a5a00000, 0x00000000e0000000)
  object space 92160K, 46% used [0x00000000a0000000,0x00000000a299f6a0,0x00000000a5a00000)
 Metaspace       used 72496K, capacity 75734K, committed 75992K, reserved 1116160K
  class space    used 9502K, capacity 10184K, committed 10240K, reserved 1048576K

Card table byte_map: [0x00000000123e0000,0x00000000126f0000] byte_map_base: 0x0000000011ee0000

Marking Bits: (ParMarkBitMap*) 0x000000005a9d5aa0
 Begin Bits: [0x0000000012cf0000, 0x00000000144f0000)
 End Bits:   [0x00000000144f0000, 0x0000000015cf0000)

Polling page: 0x0000000001440000

CodeCache: size=245760Kb used=39756Kb max_used=39756Kb free=206003Kb
 bounds [0x0000000003020000, 0x0000000005730000, 0x0000000012020000]
 total_blobs=13029 nmethods=12208 adapters=730
 compilation: enabled

Compilation events (10 events):
Event: 111.946 Thread 0x000000001699b000 14705       2       com.android.tools.r8.org.objectweb.asm.tree.MethodNode::visitTableSwitchInsn (28 bytes)
Event: 111.947 Thread 0x000000001699b000 nmethod 14705 0x000000000571f350 code [0x000000000571f500, 0x000000000571fb18]
Event: 111.949 Thread 0x000000001699b000 14706       2       com.android.tools.r8.ir.conversion.JarSourceCode::build (30 bytes)
Event: 111.949 Thread 0x000000001699b000 nmethod 14706 0x0000000005720050 code [0x00000000057201c0, 0x0000000005720418]
Event: 111.964 Thread 0x000000001699b000 14707       2       com.android.tools.r8.graph.JarClassFileReader$CreateDexClassVisitor::visitOuterClass (70 bytes)
Event: 111.966 Thread 0x000000001699b000 nmethod 14707 0x0000000005720550 code [0x0000000005720740, 0x0000000005720e78]
Event: 112.111 Thread 0x000000001699b000 14708 %     3       com.android.tools.r8.ir.desugar.CovariantReturnTypeAnnotationTransformer::buildCovariantReturnTypeMethodsForClass @ 14 (61 bytes)
Event: 112.113 Thread 0x000000001699b000 nmethod 14708% 0x00000000057217d0 code [0x0000000005721980, 0x0000000005721ee8]
Event: 112.113 Thread 0x000000001699b000 14709       3       com.android.tools.r8.ir.desugar.CovariantReturnTypeAnnotationTransformer::buildCovariantReturnTypeMethodsForClass (61 bytes)
Event: 112.113 Thread 0x000000001699b000 nmethod 14709 0x00000000057221d0 code [0x0000000005722360, 0x00000000057227c8]

GC Heap History (10 events):
Event: 99.982 GC heap before
{Heap before GC invocations=28 (full 3):
 PSYoungGen      total 375808K, used 373925K [0x00000000e0000000, 0x00000000f8900000, 0x0000000100000000)
  eden space 361472K, 100% used [0x00000000e0000000,0x00000000f6100000,0x00000000f6100000)
  from space 14336K, 86% used [0x00000000f7080000,0x00000000f7ca9530,0x00000000f7e80000)
  to   space 15872K, 0% used [0x00000000f6100000,0x00000000f6100000,0x00000000f7080000)
 ParOldGen       total 92160K, used 42565K [0x00000000a0000000, 0x00000000a5a00000, 0x00000000e0000000)
  object space 92160K, 46% used [0x00000000a0000000,0x00000000a29916a0,0x00000000a5a00000)
 Metaspace       used 72223K, capacity 75490K, committed 75736K, reserved 1114112K
  class space    used 9494K, capacity 10150K, committed 10240K, reserved 1048576K
Event: 100.020 GC heap after
Heap after GC invocations=28 (full 3):
 PSYoungGen      total 377344K, used 7319K [0x00000000e0000000, 0x00000000fb880000, 0x0000000100000000)
  eden space 361472K, 0% used [0x00000000e0000000,0x00000000e0000000,0x00000000f6100000)
  from space 15872K, 46% used [0x00000000f6100000,0x00000000f6825d78,0x00000000f7080000)
  to   space 14848K, 0% used [0x00000000faa00000,0x00000000faa00000,0x00000000fb880000)
 ParOldGen       total 92160K, used 42589K [0x00000000a0000000, 0x00000000a5a00000, 0x00000000e0000000)
  object space 92160K, 46% used [0x00000000a0000000,0x00000000a29976a0,0x00000000a5a00000)
 Metaspace       used 72223K, capacity 75490K, committed 75736K, reserved 1114112K
  class space    used 9494K, capacity 10150K, committed 10240K, reserved 1048576K
}
Event: 102.403 GC heap before
{Heap before GC invocations=29 (full 3):
 PSYoungGen      total 377344K, used 368791K [0x00000000e0000000, 0x00000000fb880000, 0x0000000100000000)
  eden space 361472K, 100% used [0x00000000e0000000,0x00000000f6100000,0x00000000f6100000)
  from space 15872K, 46% used [0x00000000f6100000,0x00000000f6825d78,0x00000000f7080000)
  to   space 14848K, 0% used [0x00000000faa00000,0x00000000faa00000,0x00000000fb880000)
 ParOldGen       total 92160K, used 42589K [0x00000000a0000000, 0x00000000a5a00000, 0x00000000e0000000)
  object space 92160K, 46% used [0x00000000a0000000,0x00000000a29976a0,0x00000000a5a00000)
 Metaspace       used 72246K, capacity 75494K, committed 75736K, reserved 1114112K
  class space    used 9494K, capacity 10150K, committed 10240K, reserved 1048576K
Event: 102.420 GC heap after
Heap after GC invocations=29 (full 3):
 PSYoungGen      total 428032K, used 4132K [0x00000000e0000000, 0x00000000fb480000, 0x0000000100000000)
  eden space 417280K, 0% used [0x00000000e0000000,0x00000000e0000000,0x00000000f9780000)
  from space 10752K, 38% used [0x00000000faa00000,0x00000000fae09280,0x00000000fb480000)
  to   space 14848K, 0% used [0x00000000f9780000,0x00000000f9780000,0x00000000fa600000)
 ParOldGen       total 92160K, used 42605K [0x00000000a0000000, 0x00000000a5a00000, 0x00000000e0000000)
  object space 92160K, 46% used [0x00000000a0000000,0x00000000a299b6a0,0x00000000a5a00000)
 Metaspace       used 72246K, capacity 75494K, committed 75736K, reserved 1114112K
  class space    used 9494K, capacity 10150K, committed 10240K, reserved 1048576K
}
Event: 105.026 GC heap before
{Heap before GC invocations=30 (full 3):
 PSYoungGen      total 428032K, used 421412K [0x00000000e0000000, 0x00000000fb480000, 0x0000000100000000)
  eden space 417280K, 100% used [0x00000000e0000000,0x00000000f9780000,0x00000000f9780000)
  from space 10752K, 38% used [0x00000000faa00000,0x00000000fae09280,0x00000000fb480000)
  to   space 14848K, 0% used [0x00000000f9780000,0x00000000f9780000,0x00000000fa600000)
 ParOldGen       total 92160K, used 42605K [0x00000000a0000000, 0x00000000a5a00000, 0x00000000e0000000)
  object space 92160K, 46% used [0x00000000a0000000,0x00000000a299b6a0,0x00000000a5a00000)
 Metaspace       used 72359K, capacity 75666K, committed 75736K, reserved 1114112K
  class space    used 9502K, capacity 10184K, committed 10240K, reserved 1048576K
Event: 105.041 GC heap after
Heap after GC invocations=30 (full 3):
 PSYoungGen      total 432128K, used 2722K [0x00000000e0000000, 0x00000000fb480000, 0x0000000100000000)
  eden space 417280K, 0% used [0x00000000e0000000,0x00000000e0000000,0x00000000f9780000)
  from space 14848K, 18% used [0x00000000f9780000,0x00000000f9a28be8,0x00000000fa600000)
  to   space 10752K, 0% used [0x00000000faa00000,0x00000000faa00000,0x00000000fb480000)
 ParOldGen       total 92160K, used 42613K [0x00000000a0000000, 0x00000000a5a00000, 0x00000000e0000000)
  object space 92160K, 46% used [0x00000000a0000000,0x00000000a299d6a0,0x00000000a5a00000)
 Metaspace       used 72359K, capacity 75666K, committed 75736K, reserved 1114112K
  class space    used 9502K, capacity 10184K, committed 10240K, reserved 1048576K
}
Event: 108.062 GC heap before
{Heap before GC invocations=31 (full 3):
 PSYoungGen      total 432128K, used 420002K [0x00000000e0000000, 0x00000000fb480000, 0x0000000100000000)
  eden space 417280K, 100% used [0x00000000e0000000,0x00000000f9780000,0x00000000f9780000)
  from space 14848K, 18% used [0x00000000f9780000,0x00000000f9a28be8,0x00000000fa600000)
  to   space 10752K, 0% used [0x00000000faa00000,0x00000000faa00000,0x00000000fb480000)
 ParOldGen       total 92160K, used 42613K [0x00000000a0000000, 0x00000000a5a00000, 0x00000000e0000000)
  object space 92160K, 46% used [0x00000000a0000000,0x00000000a299d6a0,0x00000000a5a00000)
 Metaspace       used 72428K, capacity 75666K, committed 75736K, reserved 1114112K
  class space    used 9502K, capacity 10184K, committed 10240K, reserved 1048576K
Event: 108.069 GC heap after
Heap after GC invocations=31 (full 3):
 PSYoungGen      total 428032K, used 768K [0x00000000e0000000, 0x00000000fb480000, 0x0000000100000000)
  eden space 417280K, 0% used [0x00000000e0000000,0x00000000e0000000,0x00000000f9780000)
  from space 10752K, 7% used [0x00000000faa00000,0x00000000faac0000,0x00000000fb480000)
  to   space 14848K, 0% used [0x00000000f9780000,0x00000000f9780000,0x00000000fa600000)
 ParOldGen       total 92160K, used 42621K [0x00000000a0000000, 0x00000000a5a00000, 0x00000000e0000000)
  object space 92160K, 46% used [0x00000000a0000000,0x00000000a299f6a0,0x00000000a5a00000)
 Metaspace       used 72428K, capacity 75666K, committed 75736K, reserved 1114112K
  class space    used 9502K, capacity 10184K, committed 10240K, reserved 1048576K
}
Event: 110.347 GC heap before
{Heap before GC invocations=32 (full 3):
 PSYoungGen      total 428032K, used 418048K [0x00000000e0000000, 0x00000000fb480000, 0x0000000100000000)
  eden space 417280K, 100% used [0x00000000e0000000,0x00000000f9780000,0x00000000f9780000)
  from space 10752K, 7% used [0x00000000faa00000,0x00000000faac0000,0x00000000fb480000)
  to   space 14848K, 0% used [0x00000000f9780000,0x00000000f9780000,0x00000000fa600000)
 ParOldGen       total 92160K, used 42621K [0x00000000a0000000, 0x00000000a5a00000, 0x00000000e0000000)
  object space 92160K, 46% used [0x00000000a0000000,0x00000000a299f6a0,0x00000000a5a00000)
 Metaspace       used 72453K, capacity 75734K, committed 75992K, reserved 1116160K
  class space    used 9502K, capacity 10184K, committed 10240K, reserved 1048576K
Event: 110.353 GC heap after
Heap after GC invocations=32 (full 3):
 PSYoungGen      total 432128K, used 2022K [0x00000000e0000000, 0x00000000fb480000, 0x0000000100000000)
  eden space 417280K, 0% used [0x00000000e0000000,0x00000000e0000000,0x00000000f9780000)
  from space 14848K, 13% used [0x00000000f9780000,0x00000000f9979820,0x00000000fa600000)
  to   space 10752K, 0% used [0x00000000faa00000,0x00000000faa00000,0x00000000fb480000)
 ParOldGen       total 92160K, used 42621K [0x00000000a0000000, 0x00000000a5a00000, 0x00000000e0000000)
  object space 92160K, 46% used [0x00000000a0000000,0x00000000a299f6a0,0x00000000a5a00000)
 Metaspace       used 72453K, capacity 75734K, committed 75992K, reserved 1116160K
  class space    used 9502K, capacity 10184K, committed 10240K, reserved 1048576K
}

Deoptimization events (10 events):
Event: 102.167 Thread 0x000000001bcfe000 Uncommon trap: reason=unstable_if action=reinterpret pc=0x000000000556bd18 method=com.android.tools.r8.ir.code.BasicBlock.isSimpleAlwaysThrowingPath()Z @ 89
Event: 105.999 Thread 0x000000001bcfc800 Uncommon trap: reason=unstable_if action=reinterpret pc=0x000000000390a19c method=java.util.HashMap.getNode(ILjava/lang/Object;)Ljava/util/HashMap$Node; @ 84
Event: 110.240 Thread 0x000000001bcfe000 Uncommon trap: reason=bimorphic action=maybe_recompile pc=0x0000000005660bbc method=com.android.tools.r8.ir.analysis.constant.SparseConditionalConstantPropagation.visitPhi(Lcom/android/tools/r8/ir/code/Phi;)V @ 86
Event: 110.358 Thread 0x000000001bcfe000 Uncommon trap: reason=class_check action=maybe_recompile pc=0x0000000004786540 method=com.android.tools.r8.ir.conversion.JarState$LocalsAtOffset.isLive(Lcom/android/tools/r8/graph/DebugLocalInfo;)Z @ 4
Event: 110.400 Thread 0x000000001bcfe000 Uncommon trap: reason=class_check action=maybe_recompile pc=0x0000000004786540 method=com.android.tools.r8.ir.conversion.JarState$LocalsAtOffset.isLive(Lcom/android/tools/r8/graph/DebugLocalInfo;)Z @ 4
Event: 110.400 Thread 0x000000001bcfe000 Uncommon trap: reason=class_check action=maybe_recompile pc=0x0000000004786540 method=com.android.tools.r8.ir.conversion.JarState$LocalsAtOffset.isLive(Lcom/android/tools/r8/graph/DebugLocalInfo;)Z @ 4
Event: 110.400 Thread 0x000000001bcfe000 Uncommon trap: reason=class_check action=maybe_recompile pc=0x0000000004786540 method=com.android.tools.r8.ir.conversion.JarState$LocalsAtOffset.isLive(Lcom/android/tools/r8/graph/DebugLocalInfo;)Z @ 4
Event: 110.967 Thread 0x000000001bcfc800 Uncommon trap: reason=unstable_if action=reinterpret pc=0x000000000544f794 method=com.android.tools.r8.ir.code.Instruction.replaceDebugValue(Lcom/android/tools/r8/ir/code/Value;Lcom/android/tools/r8/ir/code/Value;)V @ 17
Event: 111.992 Thread 0x000000001bcf9800 Uncommon trap: reason=bimorphic action=maybe_recompile pc=0x0000000005660bbc method=com.android.tools.r8.ir.analysis.constant.SparseConditionalConstantPropagation.visitPhi(Lcom/android/tools/r8/ir/code/Phi;)V @ 86
Event: 112.008 Thread 0x000000001bcf9800 Uncommon trap: reason=bimorphic action=maybe_recompile pc=0x0000000005660bbc method=com.android.tools.r8.ir.analysis.constant.SparseConditionalConstantPropagation.visitPhi(Lcom/android/tools/r8/ir/code/Phi;)V @ 86

Classes redefined (0 events):
No events

Internal exceptions (10 events):
Event: 77.059 Thread 0x00000000199df000 Exception <a 'sun/nio/fs/WindowsException'> (0x00000000e291f860) thrown at [D:\src\AOSP-openjdk-cygwin\jdk8u\hotspot\src\share\vm\prims\jni.cpp, line 709]
Event: 79.495 Thread 0x00000000199df000 Exception <a 'sun/nio/fs/WindowsException'> (0x00000000e86d7890) thrown at [D:\src\AOSP-openjdk-cygwin\jdk8u\hotspot\src\share\vm\prims\jni.cpp, line 709]
Event: 84.952 Thread 0x00000000199df000 Implicit null exception at 0x0000000004af1e90 to 0x0000000004af230d
Event: 84.952 Thread 0x00000000199df000 Implicit null exception at 0x0000000004a9dae8 to 0x0000000004a9de1d
Event: 85.103 Thread 0x00000000199df000 Exception <a 'sun/nio/fs/WindowsException'> (0x00000000ecae1718) thrown at [D:\src\AOSP-openjdk-cygwin\jdk8u\hotspot\src\share\vm\prims\jni.cpp, line 709]
Event: 85.250 Thread 0x000000001bcfc800 Exception <a 'java/lang/NoSuchMethodError': java.lang.Object.lambda$static$0(Ljava/lang/String;)Z> (0x00000000e03399b0) thrown at [D:\src\AOSP-openjdk-cygwin\jdk8u\hotspot\src\share\vm\interpreter\linkResolver.cpp, line 584]
Event: 85.582 Thread 0x00000000199df000 Exception <a 'sun/nio/fs/WindowsException'> (0x00000000e0e6a598) thrown at [D:\src\AOSP-openjdk-cygwin\jdk8u\hotspot\src\share\vm\prims\jni.cpp, line 709]
Event: 85.723 Thread 0x00000000199df000 Exception <a 'sun/nio/fs/WindowsException'> (0x00000000e112b5e0) thrown at [D:\src\AOSP-openjdk-cygwin\jdk8u\hotspot\src\share\vm\prims\jni.cpp, line 709]
Event: 91.152 Thread 0x000000001bcfe000 Implicit null exception at 0x000000000507b5ce to 0x000000000507cff9
Event: 110.967 Thread 0x000000001bcfc800 Implicit null exception at 0x000000000544bb89 to 0x000000000544f74d

Events (10 events):
Event: 112.042 Thread 0x000000001bcfe000 DEOPT PACKING pc=0x00000000056cbffd sp=0x000000002449d8f0
Event: 112.042 Thread 0x000000001bcfe000 DEOPT UNPACKING pc=0x00000000030675d0 sp=0x000000002449d650 mode 0
Event: 112.161 Thread 0x000000001bcf9800 DEOPT PACKING pc=0x00000000052bf52c sp=0x000000002459e830
Event: 112.161 Thread 0x000000001bcf9800 DEOPT UNPACKING pc=0x00000000030675d0 sp=0x000000002459e590 mode 0
Event: 112.268 Thread 0x000000001bcfc800 DEOPT PACKING pc=0x0000000004ef4da5 sp=0x000000002439dfd0
Event: 112.268 Thread 0x000000001bcfc800 DEOPT UNPACKING pc=0x00000000030675d0 sp=0x000000002439de00 mode 0
Event: 112.329 Thread 0x000000001bcfe000 DEOPT PACKING pc=0x0000000004f2fe59 sp=0x000000002449db50
Event: 112.329 Thread 0x000000001bcfe000 DEOPT UNPACKING pc=0x00000000030675d0 sp=0x000000002449d960 mode 0
Event: 112.432 Thread 0x000000001bcfc800 DEOPT PACKING pc=0x00000000056cc0e3 sp=0x000000002439d830
Event: 112.433 Thread 0x000000001bcfc800 DEOPT UNPACKING pc=0x00000000030675d0 sp=0x000000002439d5a0 mode 0


Dynamic libraries:
0x00007ff6370f0000 - 0x00007ff637121000 	C:\Program Files\Android\Android Studio\jre\bin\java.exe
0x00007ffd28d80000 - 0x00007ffd28f61000 	C:\WINDOWS\SYSTEM32\ntdll.dll
0x00007ffd13960000 - 0x00007ffd13974000 	C:\Program Files\AVAST Software\Avast\x64\aswhooka.dll
0x00007ffd26b10000 - 0x00007ffd26bc2000 	C:\WINDOWS\System32\KERNEL32.DLL
0x00007ffd25b00000 - 0x00007ffd25d73000 	C:\WINDOWS\System32\KERNELBASE.dll
0x00007ffd28190000 - 0x00007ffd28231000 	C:\WINDOWS\System32\ADVAPI32.dll
0x00007ffd286d0000 - 0x00007ffd2876e000 	C:\WINDOWS\System32\msvcrt.dll
0x00007ffd282a0000 - 0x00007ffd282fb000 	C:\WINDOWS\System32\sechost.dll
0x00007ffd28330000 - 0x00007ffd28454000 	C:\WINDOWS\System32\RPCRT4.dll
0x00007ffd28470000 - 0x00007ffd28600000 	C:\WINDOWS\System32\USER32.dll
0x00007ffd25250000 - 0x00007ffd25270000 	C:\WINDOWS\System32\win32u.dll
0x00007ffd28300000 - 0x00007ffd28328000 	C:\WINDOWS\System32\GDI32.dll
0x00007ffd26010000 - 0x00007ffd261a2000 	C:\WINDOWS\System32\gdi32full.dll
0x00007ffd25f70000 - 0x00007ffd2600f000 	C:\WINDOWS\System32\msvcp_win.dll
0x00007ffd25150000 - 0x00007ffd2524a000 	C:\WINDOWS\System32\ucrtbase.dll
0x00007ffd14f40000 - 0x00007ffd151a9000 	C:\WINDOWS\WinSxS\amd64_microsoft.windows.common-controls_6595b64144ccf1df_6.0.17134.376_none_fb439a3730647da2\COMCTL32.dll
0x00007ffd28a20000 - 0x00007ffd28d43000 	C:\WINDOWS\System32\combase.dll
0x00007ffd25a30000 - 0x00007ffd25aaa000 	C:\WINDOWS\System32\bcryptPrimitives.dll
0x00007ffd26ae0000 - 0x00007ffd26b0d000 	C:\WINDOWS\System32\IMM32.DLL
0x000000005a050000 - 0x000000005a122000 	C:\Program Files\Android\Android Studio\jre\jre\bin\msvcr100.dll
0x000000005a210000 - 0x000000005aa51000 	C:\Program Files\Android\Android Studio\jre\jre\bin\server\jvm.dll
0x00007ffd28880000 - 0x00007ffd28888000 	C:\WINDOWS\System32\PSAPI.DLL
0x00007ffd215d0000 - 0x00007ffd215d9000 	C:\WINDOWS\SYSTEM32\WSOCK32.dll
0x00007ffd28770000 - 0x00007ffd287dc000 	C:\WINDOWS\System32\WS2_32.dll
0x00007ffd23400000 - 0x00007ffd23423000 	C:\WINDOWS\SYSTEM32\WINMM.dll
0x00007ffd16a80000 - 0x00007ffd16a8a000 	C:\WINDOWS\SYSTEM32\VERSION.dll
0x00007ffd232e0000 - 0x00007ffd2330a000 	C:\WINDOWS\SYSTEM32\WINMMBASE.dll
0x00007ffd25ab0000 - 0x00007ffd25af9000 	C:\WINDOWS\System32\cfgmgr32.dll
0x00007ffd1fe30000 - 0x00007ffd1fe3f000 	C:\Program Files\Android\Android Studio\jre\jre\bin\verify.dll
0x00007ffd0cff0000 - 0x00007ffd0d019000 	C:\Program Files\Android\Android Studio\jre\jre\bin\java.dll
0x00007ffd1ba10000 - 0x00007ffd1ba26000 	C:\Program Files\Android\Android Studio\jre\jre\bin\zip.dll
0x00007ffd26d50000 - 0x00007ffd2818f000 	C:\WINDOWS\System32\SHELL32.dll
0x00007ffd28910000 - 0x00007ffd289b9000 	C:\WINDOWS\System32\shcore.dll
0x00007ffd25270000 - 0x00007ffd2597d000 	C:\WINDOWS\System32\windows.storage.dll
0x00007ffd28890000 - 0x00007ffd288e1000 	C:\WINDOWS\System32\shlwapi.dll
0x00007ffd250b0000 - 0x00007ffd250c1000 	C:\WINDOWS\System32\kernel.appcore.dll
0x00007ffd25130000 - 0x00007ffd2514f000 	C:\WINDOWS\System32\profapi.dll
0x00007ffd250e0000 - 0x00007ffd2512c000 	C:\WINDOWS\System32\powrprof.dll
0x00007ffd250d0000 - 0x00007ffd250da000 	C:\WINDOWS\System32\FLTLIB.DLL
0x00007ffd1a020000 - 0x00007ffd1a03a000 	C:\Program Files\Android\Android Studio\jre\jre\bin\net.dll
0x00007ffd24910000 - 0x00007ffd24976000 	C:\WINDOWS\system32\mswsock.dll
0x00007ffd195d0000 - 0x00007ffd195e1000 	C:\Program Files\Android\Android Studio\jre\jre\bin\nio.dll
0x00007ffd22260000 - 0x00007ffd2227e000 	C:\Users\Menna\.gradle\native\25\windows-amd64\native-platform.dll
0x00007ffd1e890000 - 0x00007ffd1e89d000 	C:\Program Files\Android\Android Studio\jre\jre\bin\management.dll
0x00007ffd24ac0000 - 0x00007ffd24ad7000 	C:\WINDOWS\SYSTEM32\CRYPTSP.dll
0x00007ffd24490000 - 0x00007ffd244c3000 	C:\WINDOWS\system32\rsaenh.dll
0x00007ffd24bf0000 - 0x00007ffd24c15000 	C:\WINDOWS\SYSTEM32\bcrypt.dll
0x00007ffd24fc0000 - 0x00007ffd24fe8000 	C:\WINDOWS\SYSTEM32\USERENV.dll
0x00007ffd24ae0000 - 0x00007ffd24aeb000 	C:\WINDOWS\SYSTEM32\CRYPTBASE.dll
0x00007ffd24690000 - 0x00007ffd246c8000 	C:\WINDOWS\SYSTEM32\IPHLPAPI.DLL
0x00007ffd26ad0000 - 0x00007ffd26ad8000 	C:\WINDOWS\System32\NSI.dll
0x00007ffd1ed50000 - 0x00007ffd1ed66000 	C:\WINDOWS\SYSTEM32\dhcpcsvc6.DLL
0x00007ffd1eeb0000 - 0x00007ffd1eeca000 	C:\WINDOWS\SYSTEM32\dhcpcsvc.DLL
0x00007ffd24180000 - 0x00007ffd241b1000 	C:\WINDOWS\SYSTEM32\ntmarta.dll

VM Arguments:
jvm_args: -Xmx1536m -Dfile.encoding=windows-1252 -Duser.country=US -Duser.language=en -Duser.variant 
java_command: org.gradle.launcher.daemon.bootstrap.GradleDaemon 4.6
java_class_path (initial): C:\Users\Menna\.gradle\wrapper\dists\gradle-4.6-all\bcst21l2brirad8k2ben1letg\gradle-4.6\lib\gradle-launcher-4.6.jar
Launcher Type: SUN_STANDARD

Environment Variables:
PATH=C:\ProgramData\Oracle\Java\javapath;C:\WINDOWS\system32;C:\WINDOWS;C:\WINDOWS\System32\Wbem;C:\WINDOWS\System32\WindowsPowerShell\v1.0\;C:\WINDOWS\System32\OpenSSH\;C:\Program Files\Git\cmd;C:\Users\Menna\AppData\Local\Microsoft\WindowsApps;C:\Users\Menna\AppData\Local\Google\Cloud SDK\google-cloud-sdk\bin
USERNAME=Menna
OS=Windows_NT
PROCESSOR_IDENTIFIER=Intel64 Family 6 Model 42 Stepping 7, GenuineIntel



---------------  S Y S T E M  ---------------

OS: Windows 10.0 , 64 bit Build 17134 (10.0.17134.1)

CPU:total 4 (initial active 4) (2 cores per cpu, 2 threads per core) family 6 model 42 stepping 7, cmov, cx8, fxsr, mmx, sse, sse2, sse3, ssse3, sse4.1, sse4.2, popcnt, avx, aes, clmul, ht, tsc, tscinvbit

Memory: 4k page, physical 4088760k(330272k free), swap 4088760k(5260k free)

vm_info: OpenJDK 64-Bit Server VM (25.152-b06) for windows-amd64 JRE (1.8.0_152-release-1136-b06), built by "builder" with MS VC++ 10.0 (VS2010)

time: Sat Nov 03 17:36:17 2018
elapsed time: 112 seconds (0d 0h 1m 52s)

