#
# There is insufficient memory for the Java Runtime Environment to continue.
# Native memory allocation (malloc) failed to allocate 32744 bytes for ChunkPool::allocate
# Possible reasons:
#   The system is out of physical RAM or swap space
#   In 32 bit mode, the process size limit was hit
# Possible solutions:
#   Reduce memory load on the system
#   Increase physical memory or swap space
#   Check if swap backing store is full
#   Use 64 bit Java on a 64 bit OS
#   Decrease Java heap size (-Xmx/-Xms)
#   Decrease number of Java threads
#   Decrease Java thread stack sizes (-Xss)
#   Set larger code cache with -XX:ReservedCodeCacheSize=
# This output file may be truncated or incomplete.
#
#  Out of Memory Error (allocation.cpp:273), pid=6660, tid=0x00000000000014f0
#
# JRE version: OpenJDK Runtime Environment (8.0_152-b06) (build 1.8.0_152-release-1136-b06)
# Java VM: OpenJDK 64-Bit Server VM (25.152-b06 mixed mode windows-amd64 compressed oops)
# Failed to write core dump. Minidumps are not enabled by default on client versions of Windows
#

---------------  T H R E A D  ---------------

Current thread (0x0000000016adf800):  JavaThread "C2 CompilerThread1" daemon [_thread_in_native, id=5360, stack(0x0000000018230000,0x0000000018330000)]

Stack: [0x0000000018230000,0x0000000018330000]
[error occurred during error reporting (printing stack bounds), id 0xc0000005]

Native frames: (J=compiled Java code, j=interpreted, Vv=VM code, C=native code)


Current CompileTask:
C2: 395482 12314 %     4       org.objectweb.asm.ClassReader::readCode @ 1446 (3575 bytes)


---------------  P R O C E S S  ---------------

Java Threads: ( => current thread )
  0x000000001b970800 JavaThread "Cache worker for Artifact transforms cache (C:\Users\Menna\.gradle\caches\transforms-1)" [_thread_blocked, id=8216, stack(0x0000000027340000,0x0000000027440000)]
  0x000000001b96e000 JavaThread "Cache worker for file hash cache (C:\Users\Menna\Desktop\CoachesCorner-master\.gradle\4.6\fileHashes)" [_thread_blocked, id=7464, stack(0x0000000027240000,0x0000000027340000)]
  0x000000001b974800 JavaThread "Stdin handler" [_thread_blocked, id=9228, stack(0x0000000027140000,0x0000000027240000)]
  0x000000001b96f000 JavaThread "Asynchronous log dispatcher for DefaultDaemonConnection: socket connection from /127.0.0.1:50614 to /127.0.0.1:50723" [_thread_blocked, id=10024, stack(0x0000000027040000,0x0000000027140000)]
  0x000000001b975000 JavaThread "Daemon worker Thread 2" [_thread_in_native, id=7364, stack(0x0000000026f40000,0x0000000027040000)]
  0x000000001b972000 JavaThread "Cancel handler" [_thread_blocked, id=1844, stack(0x0000000026e40000,0x0000000026f40000)]
  0x000000001b973800 JavaThread "Handler for socket connection from /127.0.0.1:50614 to /127.0.0.1:50723" [_thread_in_native, id=8332, stack(0x0000000026d40000,0x0000000026e40000)]
  0x000000001b972800 JavaThread "Daemon Thread 2" [_thread_blocked, id=3952, stack(0x0000000026c40000,0x0000000026d40000)]
  0x000000001a174000 JavaThread "pool-1-thread-1" [_thread_blocked, id=968, stack(0x0000000023e80000,0x0000000023f80000)]
  0x000000001a1e3000 JavaThread "Memory manager" [_thread_blocked, id=6180, stack(0x0000000022770000,0x0000000022870000)]
  0x000000001a042000 JavaThread "File lock request listener" [_thread_in_native, id=1156, stack(0x000000001c550000,0x000000001c650000)]
  0x000000001a041000 JavaThread "Cache worker for file hash cache (C:\Users\Menna\.gradle\caches\4.6\fileHashes)" [_thread_blocked, id=1812, stack(0x000000001c450000,0x000000001c550000)]
  0x000000001989f000 JavaThread "Daemon periodic checks" [_thread_blocked, id=1036, stack(0x000000001a980000,0x000000001aa80000)]
  0x000000001988d800 JavaThread "Incoming local TCP Connector on port 50614" [_thread_in_native, id=5648, stack(0x000000001a740000,0x000000001a840000)]
  0x0000000018454000 JavaThread "Service Thread" daemon [_thread_blocked, id=836, stack(0x0000000018830000,0x0000000018930000)]
  0x0000000016ae9000 JavaThread "C1 CompilerThread2" daemon [_thread_blocked, id=7928, stack(0x0000000018330000,0x0000000018430000)]
=>0x0000000016adf800 JavaThread "C2 CompilerThread1" daemon [_thread_in_native, id=5360, stack(0x0000000018230000,0x0000000018330000)]
  0x0000000016adc800 JavaThread "C2 CompilerThread0" daemon [_thread_blocked, id=1704, stack(0x0000000018130000,0x0000000018230000)]
  0x0000000016ada800 JavaThread "Attach Listener" daemon [_thread_blocked, id=192, stack(0x0000000018030000,0x0000000018130000)]
  0x0000000016ad9000 JavaThread "Signal Dispatcher" daemon [_thread_blocked, id=6904, stack(0x0000000017f30000,0x0000000018030000)]
  0x0000000016ace000 JavaThread "Finalizer" daemon [_thread_blocked, id=7844, stack(0x0000000017d40000,0x0000000017e40000)]
  0x0000000003162800 JavaThread "Reference Handler" daemon [_thread_blocked, id=8560, stack(0x0000000017c40000,0x0000000017d40000)]
  0x000000000305d800 JavaThread "main" [_thread_blocked, id=9056, stack(0x0000000002e80000,0x0000000002f80000)]

Other Threads:
  0x0000000016aa5000 VMThread [stack: 0x0000000017b40000,0x0000000017c40000] [id=5328]
  0x0000000018454800 WatcherThread [stack: 0x0000000018930000,0x0000000018a30000] [id=3028]

VM state:not at safepoint (normal execution)

VM Mutex/Monitor currently owned by a thread: None

Heap:
 PSYoungGen      total 123904K, used 22853K [0x00000000e0000000, 0x00000000e9300000, 0x0000000100000000)
  eden space 107008K, 16% used [0x00000000e0000000,0x00000000e1155550,0x00000000e6880000)
  from space 16896K, 30% used [0x00000000e6880000,0x00000000e6d7c2a8,0x00000000e7900000)
  to   space 16384K, 0% used [0x00000000e8300000,0x00000000e8300000,0x00000000e9300000)
 ParOldGen       total 84992K, used 59289K [0x00000000a0000000, 0x00000000a5300000, 0x00000000e0000000)
  object space 84992K, 69% used [0x00000000a0000000,0x00000000a39e64d8,0x00000000a5300000)
 Metaspace       used 73458K, capacity 76265K, committed 76376K, reserved 1116160K
  class space    used 9527K, capacity 10266K, committed 10368K, reserved 1048576K

Card table byte_map: [0x0000000012530000,0x0000000012840000] byte_map_base: 0x0000000012030000

Marking Bits: (ParMarkBitMap*) 0x000000005a9d5aa0
 Begin Bits: [0x0000000012e40000, 0x0000000014640000)
 End Bits:   [0x0000000014640000, 0x0000000015e40000)

Polling page: 0x0000000001740000

CodeCache: size=245760Kb used=33588Kb max_used=34917Kb free=212172Kb
 bounds [0x0000000003170000, 0x00000000053b0000, 0x0000000012170000]
 total_blobs=10978 nmethods=10130 adapters=760
 compilation: enabled

Compilation events (10 events):
Event: 395.200 Thread 0x0000000016adc800 12342       4       org.codehaus.groovy.util.AbstractConcurrentMap$Segment::getOrPut (121 bytes)
Event: 395.206 Thread 0x0000000016adc800 nmethod 12342 0x0000000004bd9ad0 code [0x0000000004bd9c60, 0x0000000004bda0c8]
Event: 395.206 Thread 0x0000000016adc800 12351       4       java.io.File::isDirectory (43 bytes)
Event: 395.211 Thread 0x0000000016adc800 nmethod 12351 0x0000000005241510 code [0x0000000005241660, 0x0000000005241868]
Event: 395.238 Thread 0x0000000016ae9000 12353       3       org.gradle.api.internal.artifacts.ivyservice.modulecache.DefaultModuleMetadataCache$RevisionKeySerializer::write (10 bytes)
Event: 395.239 Thread 0x0000000016ae9000 nmethod 12353 0x0000000003929410 code [0x00000000039295a0, 0x00000000039299d8]
Event: 395.239 Thread 0x0000000016ae9000 12354       3       org.gradle.api.internal.artifacts.ivyservice.modulecache.DefaultModuleMetadataCache$RevisionKeySerializer::write (23 bytes)
Event: 395.239 Thread 0x0000000016ae9000 nmethod 12354 0x00000000044f6a10 code [0x00000000044f6ba0, 0x00000000044f6e98]
Event: 395.239 Thread 0x0000000016ae9000 12355       1       org.gradle.api.internal.artifacts.ivyservice.modulecache.DefaultModuleMetadataCache::access$100 (5 bytes)
Event: 395.239 Thread 0x0000000016ae9000 nmethod 12355 0x000000000499dfd0 code [0x000000000499e120, 0x000000000499e210]

GC Heap History (10 events):
Event: 64.680 GC heap before
{Heap before GC invocations=34 (full 3):
 PSYoungGen      total 99840K, used 90542K [0x00000000e0000000, 0x00000000e7480000, 0x0000000100000000)
  eden space 85504K, 100% used [0x00000000e0000000,0x00000000e5380000,0x00000000e5380000)
  from space 14336K, 35% used [0x00000000e6680000,0x00000000e6b6b990,0x00000000e7480000)
  to   space 16896K, 0% used [0x00000000e5380000,0x00000000e5380000,0x00000000e6400000)
 ParOldGen       total 84992K, used 53554K [0x00000000a0000000, 0x00000000a5300000, 0x00000000e0000000)
  object space 84992K, 63% used [0x00000000a0000000,0x00000000a344cba8,0x00000000a5300000)
 Metaspace       used 69750K, capacity 72349K, committed 72536K, reserved 1112064K
  class space    used 9125K, capacity 9808K, committed 9856K, reserved 1048576K
Event: 64.697 GC heap after
Heap after GC invocations=34 (full 3):
 PSYoungGen      total 102400K, used 6706K [0x00000000e0000000, 0x00000000e7d00000, 0x0000000100000000)
  eden space 85504K, 0% used [0x00000000e0000000,0x00000000e0000000,0x00000000e5380000)
  from space 16896K, 39% used [0x00000000e5380000,0x00000000e5a0caa0,0x00000000e6400000)
  to   space 15872K, 0% used [0x00000000e6d80000,0x00000000e6d80000,0x00000000e7d00000)
 ParOldGen       total 84992K, used 53562K [0x00000000a0000000, 0x00000000a5300000, 0x00000000e0000000)
  object space 84992K, 63% used [0x00000000a0000000,0x00000000a344eba8,0x00000000a5300000)
 Metaspace       used 69750K, capacity 72349K, committed 72536K, reserved 1112064K
  class space    used 9125K, capacity 9808K, committed 9856K, reserved 1048576K
}
Event: 65.248 GC heap before
{Heap before GC invocations=35 (full 3):
 PSYoungGen      total 102400K, used 92210K [0x00000000e0000000, 0x00000000e7d00000, 0x0000000100000000)
  eden space 85504K, 100% used [0x00000000e0000000,0x00000000e5380000,0x00000000e5380000)
  from space 16896K, 39% used [0x00000000e5380000,0x00000000e5a0caa0,0x00000000e6400000)
  to   space 15872K, 0% used [0x00000000e6d80000,0x00000000e6d80000,0x00000000e7d00000)
 ParOldGen       total 84992K, used 53562K [0x00000000a0000000, 0x00000000a5300000, 0x00000000e0000000)
  object space 84992K, 63% used [0x00000000a0000000,0x00000000a344eba8,0x00000000a5300000)
 Metaspace       used 69764K, capacity 72349K, committed 72536K, reserved 1112064K
  class space    used 9125K, capacity 9808K, committed 9856K, reserved 1048576K
Event: 65.272 GC heap after
Heap after GC invocations=35 (full 3):
 PSYoungGen      total 112640K, used 6019K [0x00000000e0000000, 0x00000000e7f80000, 0x0000000100000000)
  eden space 96768K, 0% used [0x00000000e0000000,0x00000000e0000000,0x00000000e5e80000)
  from space 15872K, 37% used [0x00000000e6d80000,0x00000000e7360c68,0x00000000e7d00000)
  to   space 15360K, 0% used [0x00000000e5e80000,0x00000000e5e80000,0x00000000e6d80000)
 ParOldGen       total 84992K, used 53562K [0x00000000a0000000, 0x00000000a5300000, 0x00000000e0000000)
  object space 84992K, 63% used [0x00000000a0000000,0x00000000a344eba8,0x00000000a5300000)
 Metaspace       used 69764K, capacity 72349K, committed 72536K, reserved 1112064K
  class space    used 9125K, capacity 9808K, committed 9856K, reserved 1048576K
}
Event: 69.423 GC heap before
{Heap before GC invocations=36 (full 3):
 PSYoungGen      total 112640K, used 102787K [0x00000000e0000000, 0x00000000e7f80000, 0x0000000100000000)
  eden space 96768K, 100% used [0x00000000e0000000,0x00000000e5e80000,0x00000000e5e80000)
  from space 15872K, 37% used [0x00000000e6d80000,0x00000000e7360c68,0x00000000e7d00000)
  to   space 15360K, 0% used [0x00000000e5e80000,0x00000000e5e80000,0x00000000e6d80000)
 ParOldGen       total 84992K, used 53562K [0x00000000a0000000, 0x00000000a5300000, 0x00000000e0000000)
  object space 84992K, 63% used [0x00000000a0000000,0x00000000a344eba8,0x00000000a5300000)
 Metaspace       used 70168K, capacity 72869K, committed 73176K, reserved 1112064K
  class space    used 9175K, capacity 9860K, committed 9984K, reserved 1048576K
Event: 69.434 GC heap after
Heap after GC invocations=36 (full 3):
 PSYoungGen      total 112128K, used 1503K [0x00000000e0000000, 0x00000000e8800000, 0x0000000100000000)
  eden space 96768K, 0% used [0x00000000e0000000,0x00000000e0000000,0x00000000e5e80000)
  from space 15360K, 9% used [0x00000000e5e80000,0x00000000e5ff7e40,0x00000000e6d80000)
  to   space 15360K, 0% used [0x00000000e7900000,0x00000000e7900000,0x00000000e8800000)
 ParOldGen       total 84992K, used 59273K [0x00000000a0000000, 0x00000000a5300000, 0x00000000e0000000)
  object space 84992K, 69% used [0x00000000a0000000,0x00000000a39e24d8,0x00000000a5300000)
 Metaspace       used 70168K, capacity 72869K, committed 73176K, reserved 1112064K
  class space    used 9175K, capacity 9860K, committed 9984K, reserved 1048576K
}
Event: 71.593 GC heap before
{Heap before GC invocations=37 (full 3):
 PSYoungGen      total 112128K, used 98271K [0x00000000e0000000, 0x00000000e8800000, 0x0000000100000000)
  eden space 96768K, 100% used [0x00000000e0000000,0x00000000e5e80000,0x00000000e5e80000)
  from space 15360K, 9% used [0x00000000e5e80000,0x00000000e5ff7e40,0x00000000e6d80000)
  to   space 15360K, 0% used [0x00000000e7900000,0x00000000e7900000,0x00000000e8800000)
 ParOldGen       total 84992K, used 59273K [0x00000000a0000000, 0x00000000a5300000, 0x00000000e0000000)
  object space 84992K, 69% used [0x00000000a0000000,0x00000000a39e24d8,0x00000000a5300000)
 Metaspace       used 71077K, capacity 73773K, committed 74072K, reserved 1114112K
  class space    used 9272K, capacity 9990K, committed 10112K, reserved 1048576K
Event: 71.614 GC heap after
Heap after GC invocations=37 (full 3):
 PSYoungGen      total 122368K, used 12964K [0x00000000e0000000, 0x00000000e8a80000, 0x0000000100000000)
  eden space 107008K, 0% used [0x00000000e0000000,0x00000000e0000000,0x00000000e6880000)
  from space 15360K, 84% used [0x00000000e7900000,0x00000000e85a91e8,0x00000000e8800000)
  to   space 16896K, 0% used [0x00000000e6880000,0x00000000e6880000,0x00000000e7900000)
 ParOldGen       total 84992K, used 59281K [0x00000000a0000000, 0x00000000a5300000, 0x00000000e0000000)
  object space 84992K, 69% used [0x00000000a0000000,0x00000000a39e44d8,0x00000000a5300000)
 Metaspace       used 71077K, capacity 73773K, committed 74072K, reserved 1114112K
  class space    used 9272K, capacity 9990K, committed 10112K, reserved 1048576K
}
Event: 105.412 GC heap before
{Heap before GC invocations=38 (full 3):
 PSYoungGen      total 122368K, used 119972K [0x00000000e0000000, 0x00000000e8a80000, 0x0000000100000000)
  eden space 107008K, 100% used [0x00000000e0000000,0x00000000e6880000,0x00000000e6880000)
  from space 15360K, 84% used [0x00000000e7900000,0x00000000e85a91e8,0x00000000e8800000)
  to   space 16896K, 0% used [0x00000000e6880000,0x00000000e6880000,0x00000000e7900000)
 ParOldGen       total 84992K, used 59281K [0x00000000a0000000, 0x00000000a5300000, 0x00000000e0000000)
  object space 84992K, 69% used [0x00000000a0000000,0x00000000a39e44d8,0x00000000a5300000)
 Metaspace       used 73111K, capacity 75755K, committed 75992K, reserved 1116160K
  class space    used 9484K, capacity 10173K, committed 10240K, reserved 1048576K
Event: 105.424 GC heap after
Heap after GC invocations=38 (full 3):
 PSYoungGen      total 123904K, used 5104K [0x00000000e0000000, 0x00000000e9300000, 0x0000000100000000)
  eden space 107008K, 0% used [0x00000000e0000000,0x00000000e0000000,0x00000000e6880000)
  from space 16896K, 30% used [0x00000000e6880000,0x00000000e6d7c2a8,0x00000000e7900000)
  to   space 16384K, 0% used [0x00000000e8300000,0x00000000e8300000,0x00000000e9300000)
 ParOldGen       total 84992K, used 59289K [0x00000000a0000000, 0x00000000a5300000, 0x00000000e0000000)
  object space 84992K, 69% used [0x00000000a0000000,0x00000000a39e64d8,0x00000000a5300000)
 Metaspace       used 73111K, capacity 75755K, committed 75992K, reserved 1116160K
  class space    used 9484K, capacity 10173K, committed 10240K, reserved 1048576K
}

Deoptimization events (10 events):
Event: 105.630 Thread 0x0000000019b5d800 Uncommon trap: reason=class_check action=maybe_recompile pc=0x0000000003573804 method=org.gradle.internal.logging.text.AbstractLineChoppingStyledTextOutput$StateContext.flushLineText()V @ 110
Event: 105.630 Thread 0x0000000019b5d800 Uncommon trap: reason=class_check action=maybe_recompile pc=0x0000000003573804 method=org.gradle.internal.logging.text.AbstractLineChoppingStyledTextOutput$StateContext.flushLineText()V @ 110
Event: 105.657 Thread 0x000000001a178000 Uncommon trap: reason=class_check action=maybe_recompile pc=0x0000000004025c58 method=java.util.concurrent.locks.ReentrantLock.lock()V @ 4
Event: 105.661 Thread 0x0000000019b5d800 Uncommon trap: reason=bimorphic action=maybe_recompile pc=0x0000000004b155e4 method=java.util.HashMap.removeNode(ILjava/lang/Object;Ljava/lang/Object;ZZ)Ljava/util/HashMap$Node; @ 68
Event: 105.665 Thread 0x000000001a180000 Uncommon trap: reason=class_check action=maybe_recompile pc=0x0000000004025c58 method=java.util.concurrent.locks.ReentrantLock.lock()V @ 4
Event: 142.689 Thread 0x000000001989f000 Uncommon trap: reason=bimorphic action=maybe_recompile pc=0x00000000050a32cc method=java.util.HashMap.removeNode(ILjava/lang/Object;Ljava/lang/Object;ZZ)Ljava/util/HashMap$Node; @ 283
Event: 142.689 Thread 0x000000001989f000 Uncommon trap: reason=bimorphic action=maybe_recompile pc=0x00000000050a32cc method=java.util.HashMap.removeNode(ILjava/lang/Object;Ljava/lang/Object;ZZ)Ljava/util/HashMap$Node; @ 283
Event: 394.369 Thread 0x000000001b975000 Uncommon trap: reason=array_check action=maybe_recompile pc=0x0000000005316424 method=java.util.TimSort.binarySort([Ljava/lang/Object;IIILjava/util/Comparator;)V @ 183
Event: 395.046 Thread 0x000000001b975000 Uncommon trap: reason=array_check action=maybe_recompile pc=0x000000000490c084 method=com.google.common.collect.SingletonImmutableList.copyIntoArray([Ljava/lang/Object;I)I @ 6
Event: 395.062 Thread 0x000000001b975000 Uncommon trap: reason=array_check action=maybe_recompile pc=0x000000000490c084 method=com.google.common.collect.SingletonImmutableList.copyIntoArray([Ljava/lang/Object;I)I @ 6

Classes redefined (0 events):
No events

Internal exceptions (10 events):
Event: 104.494 Thread 0x000000001a182800 Exception <a 'java/lang/NoSuchMethodError': java.lang.Object.lambda$comparingInt$7b0bb60$1(Ljava/util/function/ToIntFunction;Ljava/lang/Object;Ljava/lang/Object;)I> (0x00000000e582fa10) thrown at [D:\src\AOSP-openjdk-cygwin\jdk8u\hotspot\src\share\vm\inte
Event: 394.199 Thread 0x000000001b975000 Exception <a 'java/lang/NoSuchMethodError': <clinit>> (0x00000000e0be8838) thrown at [D:\src\AOSP-openjdk-cygwin\jdk8u\hotspot\src\share\vm\prims\jni.cpp, line 1613]
Event: 394.323 Thread 0x000000001b975000 Exception <a 'java/lang/NoSuchMethodError': <clinit>> (0x00000000e0c38358) thrown at [D:\src\AOSP-openjdk-cygwin\jdk8u\hotspot\src\share\vm\prims\jni.cpp, line 1613]
Event: 394.326 Thread 0x000000001b975000 Exception <a 'java/lang/NoSuchMethodError': <clinit>> (0x00000000e0c454f0) thrown at [D:\src\AOSP-openjdk-cygwin\jdk8u\hotspot\src\share\vm\prims\jni.cpp, line 1613]
Event: 394.369 Thread 0x000000001b975000 Exception <a 'java/lang/NoSuchMethodError': <clinit>> (0x00000000e0d29be0) thrown at [D:\src\AOSP-openjdk-cygwin\jdk8u\hotspot\src\share\vm\prims\jni.cpp, line 1613]
Event: 394.369 Thread 0x000000001b975000 Exception <a 'java/lang/NoSuchMethodError': <clinit>> (0x00000000e0d2d980) thrown at [D:\src\AOSP-openjdk-cygwin\jdk8u\hotspot\src\share\vm\prims\jni.cpp, line 1613]
Event: 394.369 Thread 0x000000001b975000 Exception <a 'java/lang/NoSuchMethodError': <clinit>> (0x00000000e0d2f488) thrown at [D:\src\AOSP-openjdk-cygwin\jdk8u\hotspot\src\share\vm\prims\jni.cpp, line 1613]
Event: 394.369 Thread 0x000000001b975000 Exception <a 'java/lang/NoSuchMethodError': <clinit>> (0x00000000e0d30c58) thrown at [D:\src\AOSP-openjdk-cygwin\jdk8u\hotspot\src\share\vm\prims\jni.cpp, line 1613]
Event: 394.989 Thread 0x000000001b975000 Exception <a 'java/lang/ClassNotFoundException': sync_local_repo1864_1yhwlwme3nl62rlvog80f6zdjBeanInfo> (0x00000000e0ee5018) thrown at [D:\src\AOSP-openjdk-cygwin\jdk8u\hotspot\src\share\vm\classfile\systemDictionary.cpp, line 210]
Event: 394.989 Thread 0x000000001b975000 Exception <a 'java/lang/ClassNotFoundException': sync_local_repo1864_1yhwlwme3nl62rlvog80f6zdjCustomizer> (0x00000000e0ef0cb0) thrown at [D:\src\AOSP-openjdk-cygwin\jdk8u\hotspot\src\share\vm\classfile\systemDictionary.cpp, line 210]

Events (10 events):
Event: 395.071 loading class groovy/runtime/metaclass/sync_local_repo1864_1yhwlwme3nl62rlvog80f6zdj$_run_closure1$_closure2MetaClass done
Event: 395.075 loading class groovy/runtime/metaclass/sync_local_repo1864_1yhwlwme3nl62rlvog80f6zdj$_run_closure1$_closure2$_closure4MetaClass
Event: 395.075 loading class groovy/runtime/metaclass/sync_local_repo1864_1yhwlwme3nl62rlvog80f6zdj$_run_closure1$_closure2$_closure4MetaClass done
Event: 395.078 loading class groovy/runtime/metaclass/sync_local_repo1864_1yhwlwme3nl62rlvog80f6zdj$_run_closure1$_closure2$_closure4$_closure5MetaClass
Event: 395.078 loading class groovy/runtime/metaclass/sync_local_repo1864_1yhwlwme3nl62rlvog80f6zdj$_run_closure1$_closure2$_closure4$_closure5MetaClass done
Event: 395.084 loading class groovy/runtime/metaclass/sync_local_repo1864_1yhwlwme3nl62rlvog80f6zdj$_run_closure1$_closure3MetaClass
Event: 395.084 loading class groovy/runtime/metaclass/sync_local_repo1864_1yhwlwme3nl62rlvog80f6zdj$_run_closure1$_closure3MetaClass done
Event: 395.086 loading class groovy/runtime/metaclass/sync_local_repo1864_1yhwlwme3nl62rlvog80f6zdj$_run_closure1$_closure3$_closure6MetaClass
Event: 395.086 loading class groovy/runtime/metaclass/sync_local_repo1864_1yhwlwme3nl62rlvog80f6zdj$_run_closure1$_closure3$_closure6MetaClass done
Event: 395.107 Thread 0x000000001b970800 Thread added: 0x000000001b970800


Dynamic libraries:
0x00007ff6370f0000 - 0x00007ff637121000 	C:\Program Files\Android\Android Studio\jre\bin\java.exe
0x00007ffd28d80000 - 0x00007ffd28f61000 	C:\WINDOWS\SYSTEM32\ntdll.dll
0x00007ffd13960000 - 0x00007ffd13974000 	C:\Program Files\AVAST Software\Avast\x64\aswhooka.dll
0x00007ffd26b10000 - 0x00007ffd26bc2000 	C:\WINDOWS\System32\KERNEL32.DLL
0x00007ffd25b00000 - 0x00007ffd25d73000 	C:\WINDOWS\System32\KERNELBASE.dll
0x00007ffd28190000 - 0x00007ffd28231000 	C:\WINDOWS\System32\ADVAPI32.dll
0x00007ffd286d0000 - 0x00007ffd2876e000 	C:\WINDOWS\System32\msvcrt.dll
0x00007ffd282a0000 - 0x00007ffd282fb000 	C:\WINDOWS\System32\sechost.dll
0x00007ffd28330000 - 0x00007ffd28454000 	C:\WINDOWS\System32\RPCRT4.dll
0x00007ffd28470000 - 0x00007ffd28600000 	C:\WINDOWS\System32\USER32.dll
0x00007ffd25250000 - 0x00007ffd25270000 	C:\WINDOWS\System32\win32u.dll
0x00007ffd28300000 - 0x00007ffd28328000 	C:\WINDOWS\System32\GDI32.dll
0x00007ffd26010000 - 0x00007ffd261a2000 	C:\WINDOWS\System32\gdi32full.dll
0x00007ffd25f70000 - 0x00007ffd2600f000 	C:\WINDOWS\System32\msvcp_win.dll
0x00007ffd25150000 - 0x00007ffd2524a000 	C:\WINDOWS\System32\ucrtbase.dll
0x00007ffd14f40000 - 0x00007ffd151a9000 	C:\WINDOWS\WinSxS\amd64_microsoft.windows.common-controls_6595b64144ccf1df_6.0.17134.376_none_fb439a3730647da2\COMCTL32.dll
0x00007ffd28a20000 - 0x00007ffd28d43000 	C:\WINDOWS\System32\combase.dll
0x00007ffd25a30000 - 0x00007ffd25aaa000 	C:\WINDOWS\System32\bcryptPrimitives.dll
0x00007ffd26ae0000 - 0x00007ffd26b0d000 	C:\WINDOWS\System32\IMM32.DLL
0x000000005a050000 - 0x000000005a122000 	C:\Program Files\Android\Android Studio\jre\jre\bin\msvcr100.dll
0x000000005a210000 - 0x000000005aa51000 	C:\Program Files\Android\Android Studio\jre\jre\bin\server\jvm.dll
0x00007ffd28880000 - 0x00007ffd28888000 	C:\WINDOWS\System32\PSAPI.DLL
0x00007ffd215d0000 - 0x00007ffd215d9000 	C:\WINDOWS\SYSTEM32\WSOCK32.dll
0x00007ffd28770000 - 0x00007ffd287dc000 	C:\WINDOWS\System32\WS2_32.dll
0x00007ffd23400000 - 0x00007ffd23423000 	C:\WINDOWS\SYSTEM32\WINMM.dll
0x00007ffd16a80000 - 0x00007ffd16a8a000 	C:\WINDOWS\SYSTEM32\VERSION.dll
0x00007ffd232e0000 - 0x00007ffd2330a000 	C:\WINDOWS\SYSTEM32\WINMMBASE.dll
0x00007ffd25ab0000 - 0x00007ffd25af9000 	C:\WINDOWS\System32\cfgmgr32.dll
0x00007ffd1fe30000 - 0x00007ffd1fe3f000 	C:\Program Files\Android\Android Studio\jre\jre\bin\verify.dll
0x00007ffd0cff0000 - 0x00007ffd0d019000 	C:\Program Files\Android\Android Studio\jre\jre\bin\java.dll
0x00007ffd1ba10000 - 0x00007ffd1ba26000 	C:\Program Files\Android\Android Studio\jre\jre\bin\zip.dll
0x00007ffd26d50000 - 0x00007ffd2818f000 	C:\WINDOWS\System32\SHELL32.dll
0x00007ffd28910000 - 0x00007ffd289b9000 	C:\WINDOWS\System32\shcore.dll
0x00007ffd25270000 - 0x00007ffd2597d000 	C:\WINDOWS\System32\windows.storage.dll
0x00007ffd28890000 - 0x00007ffd288e1000 	C:\WINDOWS\System32\shlwapi.dll
0x00007ffd250b0000 - 0x00007ffd250c1000 	C:\WINDOWS\System32\kernel.appcore.dll
0x00007ffd25130000 - 0x00007ffd2514f000 	C:\WINDOWS\System32\profapi.dll
0x00007ffd250e0000 - 0x00007ffd2512c000 	C:\WINDOWS\System32\powrprof.dll
0x00007ffd250d0000 - 0x00007ffd250da000 	C:\WINDOWS\System32\FLTLIB.DLL
0x00007ffd1a020000 - 0x00007ffd1a03a000 	C:\Program Files\Android\Android Studio\jre\jre\bin\net.dll
0x00007ffd24910000 - 0x00007ffd24976000 	C:\WINDOWS\system32\mswsock.dll
0x00007ffd195d0000 - 0x00007ffd195e1000 	C:\Program Files\Android\Android Studio\jre\jre\bin\nio.dll
0x00007ffd22260000 - 0x00007ffd2227e000 	C:\Users\Menna\.gradle\native\25\windows-amd64\native-platform.dll
0x00007ffd1e890000 - 0x00007ffd1e89d000 	C:\Program Files\Android\Android Studio\jre\jre\bin\management.dll
0x00007ffd24ac0000 - 0x00007ffd24ad7000 	C:\WINDOWS\SYSTEM32\CRYPTSP.dll
0x00007ffd24490000 - 0x00007ffd244c3000 	C:\WINDOWS\system32\rsaenh.dll
0x00007ffd24bf0000 - 0x00007ffd24c15000 	C:\WINDOWS\SYSTEM32\bcrypt.dll
0x00007ffd24fc0000 - 0x00007ffd24fe8000 	C:\WINDOWS\SYSTEM32\USERENV.dll
0x00007ffd24ae0000 - 0x00007ffd24aeb000 	C:\WINDOWS\SYSTEM32\CRYPTBASE.dll
0x00007ffd24690000 - 0x00007ffd246c8000 	C:\WINDOWS\SYSTEM32\IPHLPAPI.DLL
0x00007ffd26ad0000 - 0x00007ffd26ad8000 	C:\WINDOWS\System32\NSI.dll
0x00007ffd1ed50000 - 0x00007ffd1ed66000 	C:\WINDOWS\SYSTEM32\dhcpcsvc6.DLL
0x00007ffd1eeb0000 - 0x00007ffd1eeca000 	C:\WINDOWS\SYSTEM32\dhcpcsvc.DLL
0x00007ffd03200000 - 0x00007ffd03224000 	C:\Program Files\Android\Android Studio\jre\jre\bin\sunec.dll
0x00007ffd246e0000 - 0x00007ffd2479e000 	C:\WINDOWS\SYSTEM32\DNSAPI.dll
0x00007ffd1ec90000 - 0x00007ffd1ec9a000 	C:\Windows\System32\rasadhlp.dll
0x00007ffd1f360000 - 0x00007ffd1f3d2000 	C:\WINDOWS\System32\fwpuclnt.dll
0x00007ffd1fe40000 - 0x00007ffd1fe4b000 	C:\Program Files\Android\Android Studio\jre\jre\bin\sunmscapi.dll
0x00007ffd25d80000 - 0x00007ffd25f62000 	C:\WINDOWS\System32\CRYPT32.dll
0x00007ffd25090000 - 0x00007ffd250a2000 	C:\WINDOWS\System32\MSASN1.dll

VM Arguments:
jvm_args: -Xmx1536m -Dfile.encoding=windows-1252 -Duser.country=US -Duser.language=en -Duser.variant 
java_command: org.gradle.launcher.daemon.bootstrap.GradleDaemon 4.6
java_class_path (initial): C:\Users\Menna\.gradle\wrapper\dists\gradle-4.6-all\bcst21l2brirad8k2ben1letg\gradle-4.6\lib\gradle-launcher-4.6.jar
Launcher Type: SUN_STANDARD

Environment Variables:
PATH=C:\ProgramData\Oracle\Java\javapath;C:\WINDOWS\system32;C:\WINDOWS;C:\WINDOWS\System32\Wbem;C:\WINDOWS\System32\WindowsPowerShell\v1.0\;C:\WINDOWS\System32\OpenSSH\;C:\Program Files\Git\cmd;C:\Users\Menna\AppData\Local\Microsoft\WindowsApps;C:\Users\Menna\AppData\Local\Google\Cloud SDK\google-cloud-sdk\bin
USERNAME=Menna
OS=Windows_NT
PROCESSOR_IDENTIFIER=Intel64 Family 6 Model 42 Stepping 7, GenuineIntel



---------------  S Y S T E M  ---------------

OS: Windows 10.0 , 64 bit Build 17134 (10.0.17134.1)

CPU:total 4 (initial active 4) (2 cores per cpu, 2 threads per core) family 6 model 42 stepping 7, cmov, cx8, fxsr, mmx, sse, sse2, sse3, ssse3, sse4.1, sse4.2, popcnt, avx, aes, clmul, ht, tsc, tscinvbit

Memory: 4k page, physical 4088760k(226920k free), swap 4088760k(5036k free)

vm_info: OpenJDK 64-Bit Server VM (25.152-b06) for windows-amd64 JRE (1.8.0_152-release-1136-b06), built by "builder" with MS VC++ 10.0 (VS2010)

time: Sat Nov 03 17:14:13 2018
elapsed time: 395 seconds (0d 0h 6m 35s)

